This is pdfTeX, Version 3.141592653-2.6-1.40.25 (TeX Live 2023) (preloaded format=pdflatex 2023.3.25)  29 MAR 2023 14:34
entering extended mode
 restricted \write18 enabled.
 %&-line parsing enabled.
**main.tex
(./main.tex
LaTeX2e <2022-11-01> patch level 1
L3 programming layer <2023-02-22>
(/usr/local/texlive/2023/texmf-dist/tex/latex/koma-script/scrbook.cls
Document Class: scrbook 2022/10/12 v3.38 KOMA-Script document class (book)
(/usr/local/texlive/2023/texmf-dist/tex/latex/koma-script/scrkbase.sty
Package: scrkbase 2022/10/12 v3.38 KOMA-Script package (KOMA-Script-dependent b
asics and keyval usage)

(/usr/local/texlive/2023/texmf-dist/tex/latex/koma-script/scrbase.sty
Package: scrbase 2022/10/12 v3.38 KOMA-Script package (KOMA-Script-independent 
basics and keyval usage)

(/usr/local/texlive/2023/texmf-dist/tex/latex/koma-script/scrlfile.sty
Package: scrlfile 2022/10/12 v3.38 KOMA-Script package (file load hooks)

(/usr/local/texlive/2023/texmf-dist/tex/latex/koma-script/scrlfile-hook.sty
Package: scrlfile-hook 2022/10/12 v3.38 KOMA-Script package (using LaTeX hooks)


(/usr/local/texlive/2023/texmf-dist/tex/latex/koma-script/scrlogo.sty
Package: scrlogo 2022/10/12 v3.38 KOMA-Script package (logo)
)))
(/usr/local/texlive/2023/texmf-dist/tex/latex/graphics/keyval.sty
Package: keyval 2022/05/29 v1.15 key=value parser (DPC)
\KV@toks@=\toks16
)
Applying: [2021/05/01] Usage of raw or classic option list on input line 252.
Already applied: [0000/00/00] Usage of raw or classic option list on input line
 368.
))
(/usr/local/texlive/2023/texmf-dist/tex/latex/koma-script/tocbasic.sty
Package: tocbasic 2022/10/12 v3.38 KOMA-Script package (handling toc-files)
\scr@dte@tocline@numberwidth=\skip48
\scr@dte@tocline@numbox=\box51
)
Package tocbasic Info: omitting babel extension for `toc'
(tocbasic)             because of feature `nobabel' available
(tocbasic)             for `toc' on input line 137.

(/usr/local/texlive/2023/texmf-dist/tex/latex/base/leqno.clo
File: leqno.clo 2016/12/29 v1.2b Standard LaTeX option (left equation numbers)
)
Class scrbook Info: File `scrsize12pt.clo' used instead of
(scrbook)           file `scrsize12.clo' to setup font sizes on input line 2617
.

(/usr/local/texlive/2023/texmf-dist/tex/latex/koma-script/scrsize12pt.clo
File: scrsize12pt.clo 2022/10/12 v3.38 KOMA-Script font size class option (12pt
)
)
(/usr/local/texlive/2023/texmf-dist/tex/latex/koma-script/typearea.sty
Package: typearea 2022/10/12 v3.38 KOMA-Script package (type area)
\ta@bcor=\skip49
\ta@div=\count185
\ta@hblk=\skip50
\ta@vblk=\skip51
\ta@temp=\skip52
\footheight=\skip53
Package typearea Info: These are the values describing the layout:
(typearea)             DIV  = 12
(typearea)             BCOR = 0.0pt
(typearea)             \paperwidth      = 597.50793pt
(typearea)              \textwidth      = 448.13095pt
(typearea)              DIV departure   = -6%
(typearea)              \evensidemargin = 2.4185pt
(typearea)              \oddsidemargin  = 2.4185pt
(typearea)             \paperheight     = 845.04694pt
(typearea)              \textheight     = 635.5pt
(typearea)              \topmargin      = -41.72441pt
(typearea)              \headheight     = 18.125pt
(typearea)              \headsep        = 21.75pt
(typearea)              \topskip        = 12.0pt
(typearea)              \footskip       = 50.75pt
(typearea)              \baselineskip   = 14.5pt
(typearea)              on input line 1767.
)
\c@part=\count186
\c@chapter=\count187
\c@section=\count188
\c@subsection=\count189
\c@subsubsection=\count190
\c@paragraph=\count191
\c@subparagraph=\count192
\scr@dte@chapter@maxnumwidth=\skip54
Class scrbook Info: using compatibility default `afterindent=bysign'
(scrbook)           for `\chapter on input line 5898.
\scr@dte@section@maxnumwidth=\skip55
Class scrbook Info: using compatibility default `runin=bysign'
(scrbook)           for `\section on input line 5909.
Class scrbook Info: using compatibility default `afterindent=bysign'
(scrbook)           for `\section on input line 5909.
\scr@dte@part@maxnumwidth=\skip56
Class scrbook Info: using compatibility default `afterindent=true'
(scrbook)           for `\part on input line 5918.
\scr@dte@subsection@maxnumwidth=\skip57
Class scrbook Info: using compatibility default `runin=bysign'
(scrbook)           for `\subsection on input line 5928.
Class scrbook Info: using compatibility default `afterindent=bysign'
(scrbook)           for `\subsection on input line 5928.
\scr@dte@subsubsection@maxnumwidth=\skip58
Class scrbook Info: using compatibility default `runin=bysign'
(scrbook)           for `\subsubsection on input line 5938.
Class scrbook Info: using compatibility default `afterindent=bysign'
(scrbook)           for `\subsubsection on input line 5938.
\scr@dte@paragraph@maxnumwidth=\skip59
Class scrbook Info: using compatibility default `runin=bysign'
(scrbook)           for `\paragraph on input line 5949.
Class scrbook Info: using compatibility default `afterindent=bysign'
(scrbook)           for `\paragraph on input line 5949.
\scr@dte@subparagraph@maxnumwidth=\skip60
Class scrbook Info: using compatibility default `runin=bysign'
(scrbook)           for `\subparagraph on input line 5959.
Class scrbook Info: using compatibility default `afterindent=bysign'
(scrbook)           for `\subparagraph on input line 5959.
\abovecaptionskip=\skip61
\belowcaptionskip=\skip62
\c@pti@nb@sid@b@x=\box52
Package tocbasic Info: omitting babel extension for `lof'
(tocbasic)             because of feature `nobabel' available
(tocbasic)             for `lof' on input line 7142.
\scr@dte@figure@maxnumwidth=\skip63
\c@figure=\count193
Package tocbasic Info: omitting babel extension for `lot'
(tocbasic)             because of feature `nobabel' available
(tocbasic)             for `lot' on input line 7159.
\scr@dte@table@maxnumwidth=\skip64
\c@table=\count194
Class scrbook Info: Redefining `\numberline' on input line 7330.
\bibindent=\dimen140
)
(/usr/local/texlive/2023/texmf-dist/tex/latex/imakeidx/imakeidx.sty
Package: imakeidx 2016/10/15 v1.3e Package for typesetting indices in a synchro
nous mode

(/usr/local/texlive/2023/texmf-dist/tex/latex/xkeyval/xkeyval.sty
Package: xkeyval 2022/06/16 v2.9 package option processing (HA)

(/usr/local/texlive/2023/texmf-dist/tex/generic/xkeyval/xkeyval.tex
(/usr/local/texlive/2023/texmf-dist/tex/generic/xkeyval/xkvutils.tex
\XKV@toks=\toks17
\XKV@tempa@toks=\toks18
)
\XKV@depth=\count195
File: xkeyval.tex 2014/12/03 v2.7a key=value parser (HA)
))
(/usr/local/texlive/2023/texmf-dist/tex/generic/iftex/ifxetex.sty
Package: ifxetex 2019/10/25 v0.7 ifxetex legacy package. Use iftex instead.

(/usr/local/texlive/2023/texmf-dist/tex/generic/iftex/iftex.sty
Package: iftex 2022/02/03 v1.0f TeX engine tests
))
(/usr/local/texlive/2023/texmf-dist/tex/generic/iftex/ifluatex.sty
Package: ifluatex 2019/10/25 v1.5 ifluatex legacy package. Use iftex instead.
)
(/usr/local/texlive/2023/texmf-dist/tex/latex/tools/multicol.sty
Package: multicol 2021/11/30 v1.9d multicolumn formatting (FMi)
\c@tracingmulticols=\count196
\mult@box=\box53
\multicol@leftmargin=\dimen141
\c@unbalance=\count197
\c@collectmore=\count198
\doublecol@number=\count199
\multicoltolerance=\count266
\multicolpretolerance=\count267
\full@width=\dimen142
\page@free=\dimen143
\premulticols=\dimen144
\postmulticols=\dimen145
\multicolsep=\skip65
\multicolbaselineskip=\skip66
\partial@page=\box54
\last@line=\box55
\maxbalancingoverflow=\dimen146
\mult@rightbox=\box56
\mult@grightbox=\box57
\mult@firstbox=\box58
\mult@gfirstbox=\box59
\@tempa=\box60
\@tempa=\box61
\@tempa=\box62
\@tempa=\box63
\@tempa=\box64
\@tempa=\box65
\@tempa=\box66
\@tempa=\box67
\@tempa=\box68
\@tempa=\box69
\@tempa=\box70
\@tempa=\box71
\@tempa=\box72
\@tempa=\box73
\@tempa=\box74
\@tempa=\box75
\@tempa=\box76
\@tempa=\box77
\@tempa=\box78
\@tempa=\box79
\@tempa=\box80
\@tempa=\box81
\@tempa=\box82
\@tempa=\box83
\@tempa=\box84
\@tempa=\box85
\@tempa=\box86
\@tempa=\box87
\@tempa=\box88
\@tempa=\box89
\@tempa=\box90
\@tempa=\box91
\@tempa=\box92
\@tempa=\box93
\@tempa=\box94
\@tempa=\box95
\c@minrows=\count268
\c@columnbadness=\count269
\c@finalcolumnbadness=\count270
\last@try=\dimen147
\multicolovershoot=\dimen148
\multicolundershoot=\dimen149
\mult@nat@firstbox=\box96
\colbreak@box=\box97
\mc@col@check@num=\count271
))
\main@idxfile=\write3
\openout3 = `main.idx'.


Writing index file main.idx
(/usr/local/texlive/2023/texmf-dist/tex/generic/babel/babel.sty
Package: babel 2023/02/13 3.86 The Babel package
\babel@savecnt=\count272
\U@D=\dimen150
\l@unhyphenated=\language87

(/usr/local/texlive/2023/texmf-dist/tex/generic/babel/txtbabel.def)
\bbl@readstream=\read2
\bbl@dirlevel=\count273

(/usr/local/texlive/2023/texmf-dist/tex/generic/babel-german/ngerman.ldf
Language: ngerman 2021/02/27 v2.13 German support for babel (post-1996 orthogra
phy)

(/usr/local/texlive/2023/texmf-dist/tex/generic/babel-german/ngermanb.ldf
Language: ngermanb 2021/02/27 v2.13 German support for babel (post-1996 orthogr
aphy)
Package babel Info: Making " an active character on input line 122.
)))
(/usr/local/texlive/2023/texmf-dist/tex/generic/babel/locale/de/babel-ngerman.t
ex
Package babel Info: Importing font and identification data for ngerman
(babel)             from babel-de.ini. Reported on input line 11.
) (/usr/local/texlive/2023/texmf-dist/tex/latex/base/inputenc.sty
Package: inputenc 2021/02/14 v1.3d Input encoding file
\inpenc@prehook=\toks19
\inpenc@posthook=\toks20
)
(/usr/local/texlive/2023/texmf-dist/tex/latex/base/fontenc.sty
Package: fontenc 2021/04/29 v2.0v Standard LaTeX package
)
(/usr/local/texlive/2023/texmf-dist/tex/latex/csquotes/csquotes.sty
Package: csquotes 2022-09-14 v5.2n context-sensitive quotations (JAW)

(/usr/local/texlive/2023/texmf-dist/tex/latex/etoolbox/etoolbox.sty
Package: etoolbox 2020/10/05 v2.5k e-TeX tools for LaTeX (JAW)
\etb@tempcnta=\count274
)
\csq@reset=\count275
\csq@gtype=\count276
\csq@glevel=\count277
\csq@qlevel=\count278
\csq@maxlvl=\count279
\csq@tshold=\count280
\csq@ltx@everypar=\toks21

(/usr/local/texlive/2023/texmf-dist/tex/latex/csquotes/csquotes.def
File: csquotes.def 2022-09-14 v5.2n csquotes generic definitions (JAW)
)
Package csquotes Info: Trying to load configuration file 'csquotes.cfg'...
Package csquotes Info: ... configuration file loaded successfully.

(/usr/local/texlive/2023/texmf-dist/tex/latex/csquotes/csquotes.cfg
File: csquotes.cfg 
))
(/usr/local/texlive/2023/texmf-dist/tex/latex/datetime/datetime.sty
Package: datetime 2015/03/20 v2.60 Date Time Package

(/usr/local/texlive/2023/texmf-dist/tex/latex/fmtcount/fmtcount.sty
Package: fmtcount 2020/01/30 v3.07

(/usr/local/texlive/2023/texmf-dist/tex/latex/base/ifthen.sty
Package: ifthen 2022/04/13 v1.1d Standard LaTeX ifthen package (DPC)
)
(/usr/local/texlive/2023/texmf-dist/tex/latex/fmtcount/fcprefix.sty
Package: fcprefix 2012/09/28

(/usr/local/texlive/2023/texmf-dist/tex/latex/fmtcount/fcnumparser.sty
Package: fcnumparser 2017/06/15
\fc@digit@counter=\count281
))
(/usr/local/texlive/2023/texmf-dist/tex/latex/amsmath/amsgen.sty
File: amsgen.sty 1999/11/30 v2.0 generic functions
\@emptytoks=\toks22
\ex@=\dimen151
)
\c@padzeroesN=\count282
\fc@tmpcatcode=\count283

(/usr/local/texlive/2023/texmf-dist/tex/latex/fmtcount/fc-ngerman.def
File: fc-ngerman.def 2012/06/18

(/usr/local/texlive/2023/texmf-dist/tex/latex/fmtcount/fc-german.def
File: fc-german.def 2018/06/17

(/usr/local/texlive/2023/texmf-dist/tex/latex/fmtcount/fc-germanb.def
File: fc-germanb.def 2013/08/17
))
(/usr/local/texlive/2023/texmf-dist/tex/latex/fmtcount/fc-ngermanb.def
File: fc-ngermanb.def 2013/08/17
))
\@DT@modctr=\count284
\@ordinalctr=\count285
\@orgargctr=\count286
\@strctr=\count287
\@tmpstrctr=\count288
\@DT@loopN=\count289
\@DT@X=\count290
)
(/usr/local/texlive/2023/texmf-dist/tex/latex/datetime/datetime-defaults.sty
Package: datetime-defaults 2013/09/10
)
\@day=\count291
\@month=\count292
\@year=\count293
\c@HOUR=\count294
\c@HOURXII=\count295
\c@MINUTE=\count296
\c@TOHOUR=\count297
\c@TOMINUTE=\count298
\c@SECOND=\count299
\currenthour=\count300
\currentminute=\count301
\currentsecond=\count302
Package datetime Info: No datetime.cfg file found, using default settings on in
put line 308.
\@dtctr=\count303
\dayofyear=\count304
\dayofweek=\count305
LaTeX Info: Redefining \today on input line 736.

(/usr/local/texlive/2023/texmf-dist/tex/latex/datetime/dt-ngerman.def
File: dt-ngerman.def 2013/09/10
LaTeX Info: Redefining \datengerman on input line 86.
)
\dt@a=\toks23
\dt@b=\toks24
)
(/usr/local/texlive/2023/texmf-dist/tex/latex/koma-script/scrlayer-scrpage.sty
Package: scrlayer-scrpage 2022/10/12 v3.38 KOMA-Script package (end user interf
ace for scrlayer)

(/usr/local/texlive/2023/texmf-dist/tex/latex/koma-script/scrlayer.sty
Package: scrlayer 2022/10/12 v3.38 KOMA-Script package (defining layers and pag
e styles)
Package scrlayer Info: patching LaTeX kernel macro \pagestyle on input line 217
6.
)
Package scrlayer-scrpage Info: Makeing stand-alone element `pagehead' from
(scrlayer-scrpage)             alias to `pageheadfoot' on input line 1089.
)
(/usr/local/texlive/2023/texmf-dist/tex/latex/hyperref/hyperref.sty
Package: hyperref 2023-02-07 v7.00v Hypertext links for LaTeX

(/usr/local/texlive/2023/texmf-dist/tex/generic/ltxcmds/ltxcmds.sty
Package: ltxcmds 2020-05-10 v1.25 LaTeX kernel commands for general use (HO)
)
(/usr/local/texlive/2023/texmf-dist/tex/generic/pdftexcmds/pdftexcmds.sty
Package: pdftexcmds 2020-06-27 v0.33 Utility functions of pdfTeX for LuaTeX (HO
)

(/usr/local/texlive/2023/texmf-dist/tex/generic/infwarerr/infwarerr.sty
Package: infwarerr 2019/12/03 v1.5 Providing info/warning/error messages (HO)
)
Package pdftexcmds Info: \pdf@primitive is available.
Package pdftexcmds Info: \pdf@ifprimitive is available.
Package pdftexcmds Info: \pdfdraftmode found.
)
(/usr/local/texlive/2023/texmf-dist/tex/latex/kvsetkeys/kvsetkeys.sty
Package: kvsetkeys 2022-10-05 v1.19 Key value parser (HO)
)
(/usr/local/texlive/2023/texmf-dist/tex/generic/kvdefinekeys/kvdefinekeys.sty
Package: kvdefinekeys 2019-12-19 v1.6 Define keys (HO)
)
(/usr/local/texlive/2023/texmf-dist/tex/generic/pdfescape/pdfescape.sty
Package: pdfescape 2019/12/09 v1.15 Implements pdfTeX's escape features (HO)
)
(/usr/local/texlive/2023/texmf-dist/tex/latex/hycolor/hycolor.sty
Package: hycolor 2020-01-27 v1.10 Color options for hyperref/bookmark (HO)
)
(/usr/local/texlive/2023/texmf-dist/tex/latex/letltxmacro/letltxmacro.sty
Package: letltxmacro 2019/12/03 v1.6 Let assignment for LaTeX macros (HO)
)
(/usr/local/texlive/2023/texmf-dist/tex/latex/auxhook/auxhook.sty
Package: auxhook 2019-12-17 v1.6 Hooks for auxiliary files (HO)
)
(/usr/local/texlive/2023/texmf-dist/tex/latex/hyperref/nameref.sty
Package: nameref 2022-05-17 v2.50 Cross-referencing by name of section

(/usr/local/texlive/2023/texmf-dist/tex/latex/refcount/refcount.sty
Package: refcount 2019/12/15 v3.6 Data extraction from label references (HO)
)
(/usr/local/texlive/2023/texmf-dist/tex/generic/gettitlestring/gettitlestring.s
ty
Package: gettitlestring 2019/12/15 v1.6 Cleanup title references (HO)
 (/usr/local/texlive/2023/texmf-dist/tex/latex/kvoptions/kvoptions.sty
Package: kvoptions 2022-06-15 v3.15 Key value format for package options (HO)
))
\c@section@level=\count306
)
\@linkdim=\dimen152
\Hy@linkcounter=\count307
\Hy@pagecounter=\count308

(/usr/local/texlive/2023/texmf-dist/tex/latex/hyperref/pd1enc.def
File: pd1enc.def 2023-02-07 v7.00v Hyperref: PDFDocEncoding definition (HO)
Now handling font encoding PD1 ...
... no UTF-8 mapping file for font encoding PD1
)
(/usr/local/texlive/2023/texmf-dist/tex/generic/intcalc/intcalc.sty
Package: intcalc 2019/12/15 v1.3 Expandable calculations with integers (HO)
)
(/usr/local/texlive/2023/texmf-dist/tex/generic/etexcmds/etexcmds.sty
Package: etexcmds 2019/12/15 v1.7 Avoid name clashes with e-TeX commands (HO)
)
\Hy@SavedSpaceFactor=\count309

(/usr/local/texlive/2023/texmf-dist/tex/latex/hyperref/puenc.def
File: puenc.def 2023-02-07 v7.00v Hyperref: PDF Unicode definition (HO)
Now handling font encoding PU ...
... no UTF-8 mapping file for font encoding PU
)
Package hyperref Info: Hyper figures OFF on input line 4177.
Package hyperref Info: Link nesting OFF on input line 4182.
Package hyperref Info: Hyper index ON on input line 4185.
Package hyperref Info: Plain pages OFF on input line 4192.
Package hyperref Info: Backreferencing OFF on input line 4197.
Package hyperref Info: Implicit mode ON; LaTeX internals redefined.
Package hyperref Info: Bookmarks ON on input line 4425.
\c@Hy@tempcnt=\count310

(/usr/local/texlive/2023/texmf-dist/tex/latex/url/url.sty
\Urlmuskip=\muskip16
Package: url 2013/09/16  ver 3.4  Verb mode for urls, etc.
)
LaTeX Info: Redefining \url on input line 4763.
\XeTeXLinkMargin=\dimen153

(/usr/local/texlive/2023/texmf-dist/tex/generic/bitset/bitset.sty
Package: bitset 2019/12/09 v1.3 Handle bit-vector datatype (HO)

(/usr/local/texlive/2023/texmf-dist/tex/generic/bigintcalc/bigintcalc.sty
Package: bigintcalc 2019/12/15 v1.5 Expandable calculations on big integers (HO
)
))
\Fld@menulength=\count311
\Field@Width=\dimen154
\Fld@charsize=\dimen155
Package hyperref Info: Hyper figures OFF on input line 6042.
Package hyperref Info: Link nesting OFF on input line 6047.
Package hyperref Info: Hyper index ON on input line 6050.
Package hyperref Info: backreferencing OFF on input line 6057.
Package hyperref Info: Link coloring OFF on input line 6062.
Package hyperref Info: Link coloring with OCG OFF on input line 6067.
Package hyperref Info: PDF/A mode OFF on input line 6072.

(/usr/local/texlive/2023/texmf-dist/tex/latex/base/atbegshi-ltx.sty
Package: atbegshi-ltx 2021/01/10 v1.0c Emulation of the original atbegshi
package with kernel methods
)
\Hy@abspage=\count312
\c@Item=\count313
\c@Hfootnote=\count314
)
Package hyperref Info: Driver (autodetected): hpdftex.

(/usr/local/texlive/2023/texmf-dist/tex/latex/hyperref/hpdftex.def
File: hpdftex.def 2023-02-07 v7.00v Hyperref driver for pdfTeX

(/usr/local/texlive/2023/texmf-dist/tex/latex/base/atveryend-ltx.sty
Package: atveryend-ltx 2020/08/19 v1.0a Emulation of the original atveryend pac
kage
with kernel methods
)
\Fld@listcount=\count315
\c@bookmark@seq@number=\count316

(/usr/local/texlive/2023/texmf-dist/tex/latex/rerunfilecheck/rerunfilecheck.sty
Package: rerunfilecheck 2022-07-10 v1.10 Rerun checks for auxiliary files (HO)

(/usr/local/texlive/2023/texmf-dist/tex/generic/uniquecounter/uniquecounter.sty
Package: uniquecounter 2019/12/15 v1.4 Provide unlimited unique counter (HO)
)
Package uniquecounter Info: New unique counter `rerunfilecheck' on input line 2
85.
)
\Hy@SectionHShift=\skip67
) (/usr/local/texlive/2023/texmf-dist/tex/latex/amsmath/amsmath.sty
Package: amsmath 2022/04/08 v2.17n AMS math features
\@mathmargin=\skip68

For additional information on amsmath, use the `?' option.
(/usr/local/texlive/2023/texmf-dist/tex/latex/amsmath/amstext.sty
Package: amstext 2021/08/26 v2.01 AMS text
)
(/usr/local/texlive/2023/texmf-dist/tex/latex/amsmath/amsbsy.sty
Package: amsbsy 1999/11/29 v1.2d Bold Symbols
\pmbraise@=\dimen156
)
(/usr/local/texlive/2023/texmf-dist/tex/latex/amsmath/amsopn.sty
Package: amsopn 2022/04/08 v2.04 operator names
)
\inf@bad=\count317
LaTeX Info: Redefining \frac on input line 234.
\uproot@=\count318
\leftroot@=\count319
LaTeX Info: Redefining \overline on input line 399.
LaTeX Info: Redefining \colon on input line 410.
\classnum@=\count320
\DOTSCASE@=\count321
LaTeX Info: Redefining \ldots on input line 496.
LaTeX Info: Redefining \dots on input line 499.
LaTeX Info: Redefining \cdots on input line 620.
\Mathstrutbox@=\box98
\strutbox@=\box99
LaTeX Info: Redefining \big on input line 722.
LaTeX Info: Redefining \Big on input line 723.
LaTeX Info: Redefining \bigg on input line 724.
LaTeX Info: Redefining \Bigg on input line 725.
\big@size=\dimen157
LaTeX Font Info:    Redeclaring font encoding OML on input line 743.
LaTeX Font Info:    Redeclaring font encoding OMS on input line 744.
\macc@depth=\count322
LaTeX Info: Redefining \bmod on input line 905.
LaTeX Info: Redefining \pmod on input line 910.
LaTeX Info: Redefining \smash on input line 940.
LaTeX Info: Redefining \relbar on input line 970.
LaTeX Info: Redefining \Relbar on input line 971.
\c@MaxMatrixCols=\count323
\dotsspace@=\muskip17
\c@parentequation=\count324
\dspbrk@lvl=\count325
\tag@help=\toks25
\row@=\count326
\column@=\count327
\maxfields@=\count328
\andhelp@=\toks26
\eqnshift@=\dimen158
\alignsep@=\dimen159
\tagshift@=\dimen160
\tagwidth@=\dimen161
\totwidth@=\dimen162
\lineht@=\dimen163
\@envbody=\toks27
\multlinegap=\skip69
\multlinetaggap=\skip70
\mathdisplay@stack=\toks28
LaTeX Info: Redefining \[ on input line 2953.
LaTeX Info: Redefining \] on input line 2954.
)
(/usr/local/texlive/2023/texmf-dist/tex/latex/amsfonts/amssymb.sty
Package: amssymb 2013/01/14 v3.01 AMS font symbols

(/usr/local/texlive/2023/texmf-dist/tex/latex/amsfonts/amsfonts.sty
Package: amsfonts 2013/01/14 v3.01 Basic AMSFonts support
\symAMSa=\mathgroup4
\symAMSb=\mathgroup5
LaTeX Font Info:    Redeclaring math symbol \hbar on input line 98.
LaTeX Font Info:    Overwriting math alphabet `\mathfrak' in version `bold'
(Font)                  U/euf/m/n --> U/euf/b/n on input line 106.
))
(/usr/local/texlive/2023/texmf-dist/tex/latex/amscls/amsthm.sty
Package: amsthm 2020/05/29 v2.20.6
\thm@style=\toks29
\thm@bodyfont=\toks30
\thm@headfont=\toks31
\thm@notefont=\toks32
\thm@headpunct=\toks33
\thm@preskip=\skip71
\thm@postskip=\skip72
\thm@headsep=\skip73
\dth@everypar=\toks34
)
(/usr/local/texlive/2023/texmf-dist/tex/latex/xpatch/xpatch.sty
(/usr/local/texlive/2023/texmf-dist/tex/latex/l3kernel/expl3.sty
Package: expl3 2023-02-22 L3 programming layer (loader) 

(/usr/local/texlive/2023/texmf-dist/tex/latex/l3backend/l3backend-pdftex.def
File: l3backend-pdftex.def 2023-01-16 L3 backend support: PDF output (pdfTeX)
\l__color_backend_stack_int=\count329
\l__pdf_internal_box=\box100
))
Package: xpatch 2020/03/25 v0.3a Extending etoolbox patching commands

(/usr/local/texlive/2023/texmf-dist/tex/latex/l3packages/xparse/xparse.sty
Package: xparse 2023-02-02 L3 Experimental document command parser
))
Class scrbook Info: amsthm's \deferred@thm@head patched.

(/usr/local/texlive/2023/texmf-dist/tex/latex/calrsfs/calrsfs.sty
\symrsfscript=\mathgroup6
)
(/usr/local/texlive/2023/texmf-dist/tex/latex/stmaryrd/stmaryrd.sty
Package: stmaryrd 1994/03/03 St Mary's Road symbol package
\symstmry=\mathgroup7
LaTeX Font Info:    Overwriting symbol font `stmry' in version `bold'
(Font)                  U/stmry/m/n --> U/stmry/b/n on input line 89.
)
(/usr/local/texlive/2023/texmf-dist/tex/latex/chngcntr/chngcntr.sty
Package: chngcntr 2018/04/09 v1.1a change counter resetting
Package chngcntr Info: \counterwithout already defined.
(chngcntr)             Quitting chngcntr on input line 21.
)
(/usr/local/texlive/2023/texmf-dist/tex/latex/tools/enumerate.sty
Package: enumerate 2015/07/23 v3.00 enumerate extensions (DPC)
\@enLab=\toks35
)
(/usr/local/texlive/2023/texmf-dist/tex/latex/paralist/paralist.sty
Package: paralist 2017/01/22 v2.7 Extended list environments
\pltopsep=\skip74
\plpartopsep=\skip75
\plitemsep=\skip76
\plparsep=\skip77
\pl@lab=\toks36
)
(/usr/local/texlive/2023/texmf-dist/tex/latex/xcolor/xcolor.sty
Package: xcolor 2022/06/12 v2.14 LaTeX color extensions (UK)

(/usr/local/texlive/2023/texmf-dist/tex/latex/graphics-cfg/color.cfg
File: color.cfg 2016/01/02 v1.6 sample color configuration
)
Package xcolor Info: Driver file: pdftex.def on input line 227.

(/usr/local/texlive/2023/texmf-dist/tex/latex/graphics-def/pdftex.def
File: pdftex.def 2022/09/22 v1.2b Graphics/color driver for pdftex
)
(/usr/local/texlive/2023/texmf-dist/tex/latex/graphics/mathcolor.ltx)
Package xcolor Info: Model `cmy' substituted by `cmy0' on input line 1353.
Package xcolor Info: Model `hsb' substituted by `rgb' on input line 1357.
Package xcolor Info: Model `RGB' extended on input line 1369.
Package xcolor Info: Model `HTML' substituted by `rgb' on input line 1371.
Package xcolor Info: Model `Hsb' substituted by `hsb' on input line 1372.
Package xcolor Info: Model `tHsb' substituted by `hsb' on input line 1373.
Package xcolor Info: Model `HSB' substituted by `hsb' on input line 1374.
Package xcolor Info: Model `Gray' substituted by `gray' on input line 1375.
Package xcolor Info: Model `wave' substituted by `hsb' on input line 1376.

(/usr/local/texlive/2023/texmf-dist/tex/latex/xcolor/svgnam.def
File: svgnam.def 2022/06/12 v2.14 Predefined colors according to SVG 1.1 (UK)
))
(/usr/local/texlive/2023/texmf-dist/tex/latex/tikz-cd/tikz-cd.sty
Package: tikz-cd 2021/05/04 v1.0 Commutative diagrams with TikZ

(/usr/local/texlive/2023/texmf-dist/tex/latex/pgf/frontendlayer/tikz.sty
(/usr/local/texlive/2023/texmf-dist/tex/latex/pgf/basiclayer/pgf.sty
(/usr/local/texlive/2023/texmf-dist/tex/latex/pgf/utilities/pgfrcs.sty
(/usr/local/texlive/2023/texmf-dist/tex/generic/pgf/utilities/pgfutil-common.te
x
\pgfutil@everybye=\toks37
\pgfutil@tempdima=\dimen164
\pgfutil@tempdimb=\dimen165
)
(/usr/local/texlive/2023/texmf-dist/tex/generic/pgf/utilities/pgfutil-latex.def
\pgfutil@abb=\box101
) (/usr/local/texlive/2023/texmf-dist/tex/generic/pgf/utilities/pgfrcs.code.tex
(/usr/local/texlive/2023/texmf-dist/tex/generic/pgf/pgf.revision.tex)
Package: pgfrcs 2023-01-15 v3.1.10 (3.1.10)
))
Package: pgf 2023-01-15 v3.1.10 (3.1.10)

(/usr/local/texlive/2023/texmf-dist/tex/latex/pgf/basiclayer/pgfcore.sty
(/usr/local/texlive/2023/texmf-dist/tex/latex/graphics/graphicx.sty
Package: graphicx 2021/09/16 v1.2d Enhanced LaTeX Graphics (DPC,SPQR)

(/usr/local/texlive/2023/texmf-dist/tex/latex/graphics/graphics.sty
Package: graphics 2022/03/10 v1.4e Standard LaTeX Graphics (DPC,SPQR)

(/usr/local/texlive/2023/texmf-dist/tex/latex/graphics/trig.sty
Package: trig 2021/08/11 v1.11 sin cos tan (DPC)
)
(/usr/local/texlive/2023/texmf-dist/tex/latex/graphics-cfg/graphics.cfg
File: graphics.cfg 2016/06/04 v1.11 sample graphics configuration
)
Package graphics Info: Driver file: pdftex.def on input line 107.
)
\Gin@req@height=\dimen166
\Gin@req@width=\dimen167
)
(/usr/local/texlive/2023/texmf-dist/tex/latex/pgf/systemlayer/pgfsys.sty
(/usr/local/texlive/2023/texmf-dist/tex/generic/pgf/systemlayer/pgfsys.code.tex
Package: pgfsys 2023-01-15 v3.1.10 (3.1.10)
(/usr/local/texlive/2023/texmf-dist/tex/generic/pgf/utilities/pgfkeys.code.tex
\pgfkeys@pathtoks=\toks38
\pgfkeys@temptoks=\toks39

(/usr/local/texlive/2023/texmf-dist/tex/generic/pgf/utilities/pgfkeyslibraryfil
tered.code.tex
\pgfkeys@tmptoks=\toks40
))
\pgf@x=\dimen168
\pgf@y=\dimen169
\pgf@xa=\dimen170
\pgf@ya=\dimen171
\pgf@xb=\dimen172
\pgf@yb=\dimen173
\pgf@xc=\dimen174
\pgf@yc=\dimen175
\pgf@xd=\dimen176
\pgf@yd=\dimen177
\w@pgf@writea=\write4
\r@pgf@reada=\read3
\c@pgf@counta=\count330
\c@pgf@countb=\count331
\c@pgf@countc=\count332
\c@pgf@countd=\count333
\t@pgf@toka=\toks41
\t@pgf@tokb=\toks42
\t@pgf@tokc=\toks43
\pgf@sys@id@count=\count334

(/usr/local/texlive/2023/texmf-dist/tex/generic/pgf/systemlayer/pgf.cfg
File: pgf.cfg 2023-01-15 v3.1.10 (3.1.10)
)
Driver file for pgf: pgfsys-pdftex.def

(/usr/local/texlive/2023/texmf-dist/tex/generic/pgf/systemlayer/pgfsys-pdftex.d
ef
File: pgfsys-pdftex.def 2023-01-15 v3.1.10 (3.1.10)

(/usr/local/texlive/2023/texmf-dist/tex/generic/pgf/systemlayer/pgfsys-common-p
df.def
File: pgfsys-common-pdf.def 2023-01-15 v3.1.10 (3.1.10)
)))
(/usr/local/texlive/2023/texmf-dist/tex/generic/pgf/systemlayer/pgfsyssoftpath.
code.tex
File: pgfsyssoftpath.code.tex 2023-01-15 v3.1.10 (3.1.10)
\pgfsyssoftpath@smallbuffer@items=\count335
\pgfsyssoftpath@bigbuffer@items=\count336
)
(/usr/local/texlive/2023/texmf-dist/tex/generic/pgf/systemlayer/pgfsysprotocol.
code.tex
File: pgfsysprotocol.code.tex 2023-01-15 v3.1.10 (3.1.10)
))
(/usr/local/texlive/2023/texmf-dist/tex/generic/pgf/basiclayer/pgfcore.code.tex
Package: pgfcore 2023-01-15 v3.1.10 (3.1.10)
(/usr/local/texlive/2023/texmf-dist/tex/generic/pgf/math/pgfmath.code.tex
(/usr/local/texlive/2023/texmf-dist/tex/generic/pgf/math/pgfmathutil.code.tex)
(/usr/local/texlive/2023/texmf-dist/tex/generic/pgf/math/pgfmathparser.code.tex
\pgfmath@dimen=\dimen178
\pgfmath@count=\count337
\pgfmath@box=\box102
\pgfmath@toks=\toks44
\pgfmath@stack@operand=\toks45
\pgfmath@stack@operation=\toks46
)
(/usr/local/texlive/2023/texmf-dist/tex/generic/pgf/math/pgfmathfunctions.code.
tex)
(/usr/local/texlive/2023/texmf-dist/tex/generic/pgf/math/pgfmathfunctions.basic
.code.tex)
(/usr/local/texlive/2023/texmf-dist/tex/generic/pgf/math/pgfmathfunctions.trigo
nometric.code.tex)
(/usr/local/texlive/2023/texmf-dist/tex/generic/pgf/math/pgfmathfunctions.rando
m.code.tex)
(/usr/local/texlive/2023/texmf-dist/tex/generic/pgf/math/pgfmathfunctions.compa
rison.code.tex)
(/usr/local/texlive/2023/texmf-dist/tex/generic/pgf/math/pgfmathfunctions.base.
code.tex)
(/usr/local/texlive/2023/texmf-dist/tex/generic/pgf/math/pgfmathfunctions.round
.code.tex)
(/usr/local/texlive/2023/texmf-dist/tex/generic/pgf/math/pgfmathfunctions.misc.
code.tex)
(/usr/local/texlive/2023/texmf-dist/tex/generic/pgf/math/pgfmathfunctions.integ
erarithmetics.code.tex)
(/usr/local/texlive/2023/texmf-dist/tex/generic/pgf/math/pgfmathcalc.code.tex)
(/usr/local/texlive/2023/texmf-dist/tex/generic/pgf/math/pgfmathfloat.code.tex
\c@pgfmathroundto@lastzeros=\count338
)) (/usr/local/texlive/2023/texmf-dist/tex/generic/pgf/math/pgfint.code.tex)
(/usr/local/texlive/2023/texmf-dist/tex/generic/pgf/basiclayer/pgfcorepoints.co
de.tex
File: pgfcorepoints.code.tex 2023-01-15 v3.1.10 (3.1.10)
\pgf@picminx=\dimen179
\pgf@picmaxx=\dimen180
\pgf@picminy=\dimen181
\pgf@picmaxy=\dimen182
\pgf@pathminx=\dimen183
\pgf@pathmaxx=\dimen184
\pgf@pathminy=\dimen185
\pgf@pathmaxy=\dimen186
\pgf@xx=\dimen187
\pgf@xy=\dimen188
\pgf@yx=\dimen189
\pgf@yy=\dimen190
\pgf@zx=\dimen191
\pgf@zy=\dimen192
)
(/usr/local/texlive/2023/texmf-dist/tex/generic/pgf/basiclayer/pgfcorepathconst
ruct.code.tex
File: pgfcorepathconstruct.code.tex 2023-01-15 v3.1.10 (3.1.10)
\pgf@path@lastx=\dimen193
\pgf@path@lasty=\dimen194
)
(/usr/local/texlive/2023/texmf-dist/tex/generic/pgf/basiclayer/pgfcorepathusage
.code.tex
File: pgfcorepathusage.code.tex 2023-01-15 v3.1.10 (3.1.10)
\pgf@shorten@end@additional=\dimen195
\pgf@shorten@start@additional=\dimen196
)
(/usr/local/texlive/2023/texmf-dist/tex/generic/pgf/basiclayer/pgfcorescopes.co
de.tex
File: pgfcorescopes.code.tex 2023-01-15 v3.1.10 (3.1.10)
\pgfpic=\box103
\pgf@hbox=\box104
\pgf@layerbox@main=\box105
\pgf@picture@serial@count=\count339
)
(/usr/local/texlive/2023/texmf-dist/tex/generic/pgf/basiclayer/pgfcoregraphicst
ate.code.tex
File: pgfcoregraphicstate.code.tex 2023-01-15 v3.1.10 (3.1.10)
\pgflinewidth=\dimen197
)
(/usr/local/texlive/2023/texmf-dist/tex/generic/pgf/basiclayer/pgfcoretransform
ations.code.tex
File: pgfcoretransformations.code.tex 2023-01-15 v3.1.10 (3.1.10)
\pgf@pt@x=\dimen198
\pgf@pt@y=\dimen199
\pgf@pt@temp=\dimen256
)
(/usr/local/texlive/2023/texmf-dist/tex/generic/pgf/basiclayer/pgfcorequick.cod
e.tex
File: pgfcorequick.code.tex 2023-01-15 v3.1.10 (3.1.10)
)
(/usr/local/texlive/2023/texmf-dist/tex/generic/pgf/basiclayer/pgfcoreobjects.c
ode.tex
File: pgfcoreobjects.code.tex 2023-01-15 v3.1.10 (3.1.10)
)
(/usr/local/texlive/2023/texmf-dist/tex/generic/pgf/basiclayer/pgfcorepathproce
ssing.code.tex
File: pgfcorepathprocessing.code.tex 2023-01-15 v3.1.10 (3.1.10)
)
(/usr/local/texlive/2023/texmf-dist/tex/generic/pgf/basiclayer/pgfcorearrows.co
de.tex
File: pgfcorearrows.code.tex 2023-01-15 v3.1.10 (3.1.10)
\pgfarrowsep=\dimen257
)
(/usr/local/texlive/2023/texmf-dist/tex/generic/pgf/basiclayer/pgfcoreshade.cod
e.tex
File: pgfcoreshade.code.tex 2023-01-15 v3.1.10 (3.1.10)
\pgf@max=\dimen258
\pgf@sys@shading@range@num=\count340
\pgf@shadingcount=\count341
)
(/usr/local/texlive/2023/texmf-dist/tex/generic/pgf/basiclayer/pgfcoreimage.cod
e.tex
File: pgfcoreimage.code.tex 2023-01-15 v3.1.10 (3.1.10)
)
(/usr/local/texlive/2023/texmf-dist/tex/generic/pgf/basiclayer/pgfcoreexternal.
code.tex
File: pgfcoreexternal.code.tex 2023-01-15 v3.1.10 (3.1.10)
\pgfexternal@startupbox=\box106
)
(/usr/local/texlive/2023/texmf-dist/tex/generic/pgf/basiclayer/pgfcorelayers.co
de.tex
File: pgfcorelayers.code.tex 2023-01-15 v3.1.10 (3.1.10)
)
(/usr/local/texlive/2023/texmf-dist/tex/generic/pgf/basiclayer/pgfcoretranspare
ncy.code.tex
File: pgfcoretransparency.code.tex 2023-01-15 v3.1.10 (3.1.10)
)
(/usr/local/texlive/2023/texmf-dist/tex/generic/pgf/basiclayer/pgfcorepatterns.
code.tex
File: pgfcorepatterns.code.tex 2023-01-15 v3.1.10 (3.1.10)
)
(/usr/local/texlive/2023/texmf-dist/tex/generic/pgf/basiclayer/pgfcorerdf.code.
tex
File: pgfcorerdf.code.tex 2023-01-15 v3.1.10 (3.1.10)
)))
(/usr/local/texlive/2023/texmf-dist/tex/generic/pgf/modules/pgfmoduleshapes.cod
e.tex
File: pgfmoduleshapes.code.tex 2023-01-15 v3.1.10 (3.1.10)
\pgfnodeparttextbox=\box107
)
(/usr/local/texlive/2023/texmf-dist/tex/generic/pgf/modules/pgfmoduleplot.code.
tex
File: pgfmoduleplot.code.tex 2023-01-15 v3.1.10 (3.1.10)
)
(/usr/local/texlive/2023/texmf-dist/tex/latex/pgf/compatibility/pgfcomp-version
-0-65.sty
Package: pgfcomp-version-0-65 2023-01-15 v3.1.10 (3.1.10)
\pgf@nodesepstart=\dimen259
\pgf@nodesepend=\dimen260
)
(/usr/local/texlive/2023/texmf-dist/tex/latex/pgf/compatibility/pgfcomp-version
-1-18.sty
Package: pgfcomp-version-1-18 2023-01-15 v3.1.10 (3.1.10)
))
(/usr/local/texlive/2023/texmf-dist/tex/latex/pgf/utilities/pgffor.sty
(/usr/local/texlive/2023/texmf-dist/tex/latex/pgf/utilities/pgfkeys.sty
(/usr/local/texlive/2023/texmf-dist/tex/generic/pgf/utilities/pgfkeys.code.tex)
) (/usr/local/texlive/2023/texmf-dist/tex/latex/pgf/math/pgfmath.sty
(/usr/local/texlive/2023/texmf-dist/tex/generic/pgf/math/pgfmath.code.tex))
(/usr/local/texlive/2023/texmf-dist/tex/generic/pgf/utilities/pgffor.code.tex
Package: pgffor 2023-01-15 v3.1.10 (3.1.10)
\pgffor@iter=\dimen261
\pgffor@skip=\dimen262
\pgffor@stack=\toks47
\pgffor@toks=\toks48
))
(/usr/local/texlive/2023/texmf-dist/tex/generic/pgf/frontendlayer/tikz/tikz.cod
e.tex
Package: tikz 2023-01-15 v3.1.10 (3.1.10)

(/usr/local/texlive/2023/texmf-dist/tex/generic/pgf/libraries/pgflibraryplothan
dlers.code.tex
File: pgflibraryplothandlers.code.tex 2023-01-15 v3.1.10 (3.1.10)
\pgf@plot@mark@count=\count342
\pgfplotmarksize=\dimen263
)
\tikz@lastx=\dimen264
\tikz@lasty=\dimen265
\tikz@lastxsaved=\dimen266
\tikz@lastysaved=\dimen267
\tikz@lastmovetox=\dimen268
\tikz@lastmovetoy=\dimen269
\tikzleveldistance=\dimen270
\tikzsiblingdistance=\dimen271
\tikz@figbox=\box108
\tikz@figbox@bg=\box109
\tikz@tempbox=\box110
\tikz@tempbox@bg=\box111
\tikztreelevel=\count343
\tikznumberofchildren=\count344
\tikznumberofcurrentchild=\count345
\tikz@fig@count=\count346

(/usr/local/texlive/2023/texmf-dist/tex/generic/pgf/modules/pgfmodulematrix.cod
e.tex
File: pgfmodulematrix.code.tex 2023-01-15 v3.1.10 (3.1.10)
\pgfmatrixcurrentrow=\count347
\pgfmatrixcurrentcolumn=\count348
\pgf@matrix@numberofcolumns=\count349
)
\tikz@expandcount=\count350

(/usr/local/texlive/2023/texmf-dist/tex/generic/pgf/frontendlayer/tikz/librarie
s/tikzlibrarytopaths.code.tex
File: tikzlibrarytopaths.code.tex 2023-01-15 v3.1.10 (3.1.10)
)))
(/usr/local/texlive/2023/texmf-dist/tex/generic/tikz-cd/tikzlibrarycd.code.tex
(/usr/local/texlive/2023/texmf-dist/tex/generic/pgf/frontendlayer/tikz/librarie
s/tikzlibrarymatrix.code.tex
File: tikzlibrarymatrix.code.tex 2023-01-15 v3.1.10 (3.1.10)
)
(/usr/local/texlive/2023/texmf-dist/tex/generic/pgf/frontendlayer/tikz/librarie
s/tikzlibraryquotes.code.tex
File: tikzlibraryquotes.code.tex 2023-01-15 v3.1.10 (3.1.10)
)
(/usr/local/texlive/2023/texmf-dist/tex/generic/pgf/libraries/pgflibraryarrows.
meta.code.tex
File: pgflibraryarrows.meta.code.tex 2023-01-15 v3.1.10 (3.1.10)
\pgfarrowinset=\dimen272
\pgfarrowlength=\dimen273
\pgfarrowwidth=\dimen274
\pgfarrowlinewidth=\dimen275
)))
(/usr/local/texlive/2023/texmf-dist/tex/generic/pgf/frontendlayer/tikz/librarie
s/tikzlibraryshapes.code.tex
File: tikzlibraryshapes.code.tex 2023-01-15 v3.1.10 (3.1.10)

(/usr/local/texlive/2023/texmf-dist/tex/generic/pgf/frontendlayer/tikz/librarie
s/tikzlibraryshapes.geometric.code.tex
File: tikzlibraryshapes.geometric.code.tex 2023-01-15 v3.1.10 (3.1.10)

(/usr/local/texlive/2023/texmf-dist/tex/generic/pgf/libraries/shapes/pgflibrary
shapes.geometric.code.tex
File: pgflibraryshapes.geometric.code.tex 2023-01-15 v3.1.10 (3.1.10)
))
(/usr/local/texlive/2023/texmf-dist/tex/generic/pgf/frontendlayer/tikz/librarie
s/tikzlibraryshapes.misc.code.tex
File: tikzlibraryshapes.misc.code.tex 2023-01-15 v3.1.10 (3.1.10)

(/usr/local/texlive/2023/texmf-dist/tex/generic/pgf/libraries/shapes/pgflibrary
shapes.misc.code.tex
File: pgflibraryshapes.misc.code.tex 2023-01-15 v3.1.10 (3.1.10)
))
(/usr/local/texlive/2023/texmf-dist/tex/generic/pgf/frontendlayer/tikz/librarie
s/tikzlibraryshapes.symbols.code.tex
File: tikzlibraryshapes.symbols.code.tex 2023-01-15 v3.1.10 (3.1.10)

(/usr/local/texlive/2023/texmf-dist/tex/generic/pgf/libraries/shapes/pgflibrary
shapes.symbols.code.tex
File: pgflibraryshapes.symbols.code.tex 2023-01-15 v3.1.10 (3.1.10)
))
(/usr/local/texlive/2023/texmf-dist/tex/generic/pgf/frontendlayer/tikz/librarie
s/tikzlibraryshapes.arrows.code.tex
File: tikzlibraryshapes.arrows.code.tex 2023-01-15 v3.1.10 (3.1.10)

(/usr/local/texlive/2023/texmf-dist/tex/generic/pgf/libraries/shapes/pgflibrary
shapes.arrows.code.tex
File: pgflibraryshapes.arrows.code.tex 2023-01-15 v3.1.10 (3.1.10)
))
(/usr/local/texlive/2023/texmf-dist/tex/generic/pgf/frontendlayer/tikz/librarie
s/tikzlibraryshapes.callouts.code.tex
(/usr/local/texlive/2023/texmf-dist/tex/generic/pgf/libraries/shapes/pgflibrary
shapes.callouts.code.tex))
(/usr/local/texlive/2023/texmf-dist/tex/generic/pgf/frontendlayer/tikz/librarie
s/tikzlibraryshapes.multipart.code.tex
File: tikzlibraryshapes.multipart.code.tex 2023-01-15 v3.1.10 (3.1.10)

(/usr/local/texlive/2023/texmf-dist/tex/generic/pgf/libraries/shapes/pgflibrary
shapes.multipart.code.tex
File: pgflibraryshapes.multipart.code.tex 2023-01-15 v3.1.10 (3.1.10)
\pgfnodepartlowerbox=\box112
\pgfnodeparttwobox=\box113
\pgfnodepartthreebox=\box114
\pgfnodepartfourbox=\box115
\pgfnodeparttwentybox=\box116
\pgfnodepartnineteenbox=\box117
\pgfnodeparteighteenbox=\box118
\pgfnodepartseventeenbox=\box119
\pgfnodepartsixteenbox=\box120
\pgfnodepartfifteenbox=\box121
\pgfnodepartfourteenbox=\box122
\pgfnodepartthirteenbox=\box123
\pgfnodeparttwelvebox=\box124
\pgfnodepartelevenbox=\box125
\pgfnodeparttenbox=\box126
\pgfnodepartninebox=\box127
\pgfnodeparteightbox=\box128
\pgfnodepartsevenbox=\box129
\pgfnodepartsixbox=\box130
\pgfnodepartfivebox=\box131
)))
(/usr/local/texlive/2023/texmf-dist/tex/generic/pgf/frontendlayer/tikz/librarie
s/tikzlibrarypositioning.code.tex
File: tikzlibrarypositioning.code.tex 2023-01-15 v3.1.10 (3.1.10)
)
(/usr/local/texlive/2023/texmf-dist/tex/generic/pgf/frontendlayer/tikz/librarie
s/tikzlibrarydecorations.pathreplacing.code.tex
(/usr/local/texlive/2023/texmf-dist/tex/generic/pgf/frontendlayer/tikz/librarie
s/tikzlibrarydecorations.code.tex
(/usr/local/texlive/2023/texmf-dist/tex/generic/pgf/modules/pgfmoduledecoration
s.code.tex
\pgfdecoratedcompleteddistance=\dimen276
\pgfdecoratedremainingdistance=\dimen277
\pgfdecoratedinputsegmentcompleteddistance=\dimen278
\pgfdecoratedinputsegmentremainingdistance=\dimen279
\pgf@decorate@distancetomove=\dimen280
\pgf@decorate@repeatstate=\count351
\pgfdecorationsegmentamplitude=\dimen281
\pgfdecorationsegmentlength=\dimen282
)
\tikz@lib@dec@box=\box132
)
(/usr/local/texlive/2023/texmf-dist/tex/generic/pgf/libraries/decorations/pgfli
brarydecorations.pathreplacing.code.tex))
(/usr/local/texlive/2023/texmf-dist/tex/latex/multirow/multirow.sty
Package: multirow 2021/03/15 v2.8 Span multiple rows of a table
\multirow@colwidth=\skip78
\multirow@cntb=\count352
\multirow@dima=\skip79
\bigstrutjot=\dimen283
)
(/usr/local/texlive/2023/texmf-dist/tex/latex/multirow/bigdelim.sty
Package: bigdelim 2021/03/15 v2.8 Create big delimiters in tabular or array
)
(/usr/local/texlive/2023/texmf-dist/tex/latex/braket/braket.sty)
(/usr/local/texlive/2023/texmf-dist/tex/latex/mathtools/mathtools.sty
Package: mathtools 2022/06/29 v1.29 mathematical typesetting tools

(/usr/local/texlive/2023/texmf-dist/tex/latex/tools/calc.sty
Package: calc 2017/05/25 v4.3 Infix arithmetic (KKT,FJ)
\calc@Acount=\count353
\calc@Bcount=\count354
\calc@Adimen=\dimen284
\calc@Bdimen=\dimen285
\calc@Askip=\skip80
\calc@Bskip=\skip81
LaTeX Info: Redefining \setlength on input line 80.
LaTeX Info: Redefining \addtolength on input line 81.
\calc@Ccount=\count355
\calc@Cskip=\skip82
)
(/usr/local/texlive/2023/texmf-dist/tex/latex/mathtools/mhsetup.sty
Package: mhsetup 2021/03/18 v1.4 programming setup (MH)
)
\g_MT_multlinerow_int=\count356
\l_MT_multwidth_dim=\dimen286
\origjot=\skip83
\l_MT_shortvdotswithinadjustabove_dim=\dimen287
\l_MT_shortvdotswithinadjustbelow_dim=\dimen288
\l_MT_above_intertext_sep=\dimen289
\l_MT_below_intertext_sep=\dimen290
\l_MT_above_shortintertext_sep=\dimen291
\l_MT_below_shortintertext_sep=\dimen292
\xmathstrut@box=\box133
\xmathstrut@dim=\dimen293
)
(/usr/local/texlive/2023/texmf-dist/tex/latex/float/float.sty
Package: float 2001/11/08 v1.3d Float enhancements (AL)
\c@float@type=\count357
\float@exts=\toks49
\float@box=\box134
\@float@everytoks=\toks50
\@floatcapt=\box135
)
(/usr/local/texlive/2023/texmf-dist/tex/latex/psnfss/pifont.sty
Package: pifont 2020/03/25 PSNFSS-v9.3 Pi font support (SPQR) 
LaTeX Font Info:    Trying to load font information for U+pzd on input line 63.


(/usr/local/texlive/2023/texmf-dist/tex/latex/psnfss/upzd.fd
File: upzd.fd 2001/06/04 font definitions for U/pzd.
)
LaTeX Font Info:    Trying to load font information for U+psy on input line 64.


(/usr/local/texlive/2023/texmf-dist/tex/latex/psnfss/upsy.fd
File: upsy.fd 2001/06/04 font definitions for U/psy.
))
(/usr/local/texlive/2023/texmf-dist/tex/latex/tcolorbox/tcolorbox.sty
Package: tcolorbox 2023/03/17 version 6.0.3 text color boxes

(/usr/local/texlive/2023/texmf-dist/tex/latex/tools/verbatim.sty
Package: verbatim 2022-07-02 v1.5u LaTeX2e package for verbatim enhancements
\every@verbatim=\toks51
\verbatim@line=\toks52
\verbatim@in@stream=\read4
)
(/usr/local/texlive/2023/texmf-dist/tex/latex/environ/environ.sty
Package: environ 2014/05/04 v0.3 A new way to define environments

(/usr/local/texlive/2023/texmf-dist/tex/latex/trimspaces/trimspaces.sty
Package: trimspaces 2009/09/17 v1.1 Trim spaces around a token list
))
\tcb@titlebox=\box136
\tcb@upperbox=\box137
\tcb@lowerbox=\box138
\tcb@phantombox=\box139
\c@tcbbreakpart=\count358
\c@tcblayer=\count359
\c@tcolorbox@number=\count360
\tcb@temp=\box140
\tcb@temp=\box141
\tcb@temp=\box142
\tcb@temp=\box143

(/usr/local/texlive/2023/texmf-dist/tex/latex/tcolorbox/tcbraster.code.tex
Library (tcolorbox): 'tcbraster.code.tex' version '6.0.3'
\c@tcbrastercolumn=\count361
\c@tcbrasterrow=\count362
\c@tcbrasternum=\count363
\c@tcbraster=\count364
) (/usr/local/texlive/2023/texmf-dist/tex/latex/tcolorbox/tcbskins.code.tex
Library (tcolorbox): 'tcbskins.code.tex' version '6.0.3'
(/usr/local/texlive/2023/texmf-dist/tex/latex/tikzfill/tikzfill.image.sty
Package: tikzfill.image 2022/07/20 v1.0.0 Image filling library for TikZ

(/usr/local/texlive/2023/texmf-dist/tex/latex/tikzfill/tikzfill-common.sty
Package: tikzfill-common 2022/07/20 v1.0.0 Auxiliary code for tikzfill
)
(/usr/local/texlive/2023/texmf-dist/tex/latex/tikzfill/tikzlibraryfill.image.co
de.tex
File: tikzlibraryfill.image.code.tex 2022/07/20 v1.0.0 Image filling library
\l__tikzfill_img_box=\box144
))
(/usr/local/texlive/2023/texmf-dist/tex/latex/tcolorbox/tcbskinsjigsaw.code.tex
Library (tcolorbox): 'tcbskinsjigsaw.code.tex' version '6.0.3'
))
(/usr/local/texlive/2023/texmf-dist/tex/latex/tcolorbox/tcbbreakable.code.tex
Library (tcolorbox): 'tcbbreakable.code.tex' version '6.0.3'
(/usr/local/texlive/2023/texmf-dist/tex/latex/pdfcol/pdfcol.sty
Package: pdfcol 2022-09-21 v1.7 Handle new color stacks for pdfTeX (HO)
)
Package pdfcol Info: New color stack `tcb@breakable' = 1 on input line 23.
\tcb@testbox=\box145
\tcb@totalupperbox=\box146
\tcb@totallowerbox=\box147
)
(/usr/local/texlive/2023/texmf-dist/tex/latex/tcolorbox/tcbhooks.code.tex
Library (tcolorbox): 'tcbhooks.code.tex' version '6.0.3'
) (/usr/local/texlive/2023/texmf-dist/tex/latex/tcolorbox/tcbtheorems.code.tex
Library (tcolorbox): 'tcbtheorems.code.tex' version '6.0.3'
) (/usr/local/texlive/2023/texmf-dist/tex/latex/tcolorbox/tcbfitting.code.tex
Library (tcolorbox): 'tcbfitting.code.tex' version '6.0.3'
\tcbfitdim=\dimen294
\tcb@lowerfitdim=\dimen295
\tcb@upperfitdim=\dimen296
\tcb@cur@hbadness=\count365
)
(/usr/local/texlive/2023/texmf-dist/tex/latex/tcolorbox/tcblistingsutf8.code.te
x
Library (tcolorbox): 'tcblistingsutf8.code.tex' version '6.0.3'
(/usr/local/texlive/2023/texmf-dist/tex/latex/tcolorbox/tcblistings.code.tex
Library (tcolorbox): 'tcblistings.code.tex' version '6.0.3'
(/usr/local/texlive/2023/texmf-dist/tex/latex/listings/listings.sty
\lst@mode=\count366
\lst@gtempboxa=\box148
\lst@token=\toks53
\lst@length=\count367
\lst@currlwidth=\dimen297
\lst@column=\count368
\lst@pos=\count369
\lst@lostspace=\dimen298
\lst@width=\dimen299
\lst@newlines=\count370
\lst@lineno=\count371
\lst@maxwidth=\dimen300

(/usr/local/texlive/2023/texmf-dist/tex/latex/listings/lstmisc.sty
File: lstmisc.sty 2023/02/27 1.9 (Carsten Heinz)
\c@lstnumber=\count372
\lst@skipnumbers=\count373
\lst@framebox=\box149
)
(/usr/local/texlive/2023/texmf-dist/tex/latex/listings/listings.cfg
File: listings.cfg 2023/02/27 1.9 listings configuration
))
Package: listings 2023/02/27 1.9 (Carsten Heinz)

(/usr/local/texlive/2023/texmf-dist/tex/latex/tcolorbox/tcblistingscore.code.te
x
Library (tcolorbox): 'tcblistingscore.code.tex' version '6.0.3'
(/usr/local/texlive/2023/texmf-dist/tex/latex/tcolorbox/tcbprocessing.code.tex
Library (tcolorbox): 'tcbprocessing.code.tex' version '6.0.3'
(/usr/local/texlive/2023/texmf-dist/tex/latex/tools/shellesc.sty
Package: shellesc 2019/11/08 v1.0c unified shell escape interface for LaTeX
Package shellesc Info: Restricted shell escape enabled on input line 77.
))
\c@tcblisting=\count374
))
(/usr/local/texlive/2023/texmf-dist/tex/latex/listingsutf8/listingsutf8.sty
Package: listingsutf8 2019-12-10 v1.5 Allow UTF-8 in listings input (HO)

(/usr/local/texlive/2023/texmf-dist/tex/generic/stringenc/stringenc.sty
Package: stringenc 2019/11/29 v1.12 Convert strings between diff. encodings (HO
)
)))
(/usr/local/texlive/2023/texmf-dist/tex/latex/tcolorbox/tcbexternal.code.tex
Library (tcolorbox): 'tcbexternal.code.tex' version '6.0.3'
) (/usr/local/texlive/2023/texmf-dist/tex/latex/tcolorbox/tcbmagazine.code.tex
Library (tcolorbox): 'tcbmagazine.code.tex' version '6.0.3'
) (/usr/local/texlive/2023/texmf-dist/tex/latex/tcolorbox/tcbvignette.code.tex
Library (tcolorbox): 'tcbvignette.code.tex' version '6.0.3'

(/usr/local/texlive/2023/texmf-dist/tex/generic/pgf/frontendlayer/tikz/librarie
s/tikzlibraryfadings.code.tex
File: tikzlibraryfadings.code.tex 2023-01-15 v3.1.10 (3.1.10)

(/usr/local/texlive/2023/texmf-dist/tex/generic/pgf/libraries/pgflibraryfadings
.code.tex
File: pgflibraryfadings.code.tex 2023-01-15 v3.1.10 (3.1.10)
)))
(/usr/local/texlive/2023/texmf-dist/tex/latex/tcolorbox/tcbposter.code.tex
Library (tcolorbox): 'tcbposter.code.tex' version '6.0.3'
))
\c@sat=\count375
 (/usr/local/texlive/2023/texmf-dist/tex/latex/subfiles/subfiles.sty
Package: subfiles 2020/11/14 v2.2 Multi-file projects (package)

(/usr/local/texlive/2023/texmf-dist/tex/latex/import/import.sty
Package: import 2020/04/01  v 6.2
))
Package csquotes Info: Checking for multilingual support...
Package csquotes Info: ... found 'babel' package.
Package csquotes Info: Adjusting default style.
Package csquotes Info: Redefining alias 'default' -> 'ngerman'.
 (./main.aux

LaTeX Warning: Label `15.2.12' multiply defined.


LaTeX Warning: Label `16.4.23' multiply defined.

)
\openout1 = `main.aux'.

LaTeX Font Info:    Checking defaults for OML/cmm/m/it on input line 251.
LaTeX Font Info:    ... okay on input line 251.
LaTeX Font Info:    Checking defaults for OMS/cmsy/m/n on input line 251.
LaTeX Font Info:    ... okay on input line 251.
LaTeX Font Info:    Checking defaults for OT1/cmr/m/n on input line 251.
LaTeX Font Info:    ... okay on input line 251.
LaTeX Font Info:    Checking defaults for T1/cmr/m/n on input line 251.
LaTeX Font Info:    ... okay on input line 251.
LaTeX Font Info:    Checking defaults for TS1/cmr/m/n on input line 251.
LaTeX Font Info:    ... okay on input line 251.
LaTeX Font Info:    Checking defaults for OMX/cmex/m/n on input line 251.
LaTeX Font Info:    ... okay on input line 251.
LaTeX Font Info:    Checking defaults for U/cmr/m/n on input line 251.
LaTeX Font Info:    ... okay on input line 251.
LaTeX Font Info:    Checking defaults for PD1/pdf/m/n on input line 251.
LaTeX Font Info:    ... okay on input line 251.
LaTeX Font Info:    Checking defaults for PU/pdf/m/n on input line 251.
LaTeX Font Info:    ... okay on input line 251.
Package hyperref Info: Link coloring OFF on input line 251.
 (./main.out) (./main.out)
\@outlinefile=\write5
\openout5 = `main.out'.

Class scrbook Info: loading recommended package `bookmark'.
(scrbook)           Using `bookmark' together with `hyperref' is recommended,
(scrbook)           because of handling of possible bookmark level gaps.
(scrbook)           You can avoid loading `bookmark' with KOMA-Script option
(scrbook)           `bookmarkpackage=false' before \begin{document} and
(scrbook)           you can avoid this message adding:
(scrbook)             \usepackage{bookmark}
(scrbook)           before \begin{document} on input line 251.

(/usr/local/texlive/2023/texmf-dist/tex/latex/bookmark/bookmark.sty
Package: bookmark 2020-11-06 v1.29 PDF bookmarks (HO)

(/usr/local/texlive/2023/texmf-dist/tex/latex/bookmark/bkm-pdftex.def
File: bkm-pdftex.def 2020-11-06 v1.29 bookmark driver for pdfTeX (HO)
\BKM@id=\count376
))
(/usr/local/texlive/2023/texmf-dist/tex/context/base/mkii/supp-pdf.mkii
[Loading MPS to PDF converter (version 2006.09.02).]
\scratchcounter=\count377
\scratchdimen=\dimen301
\scratchbox=\box150
\nofMPsegments=\count378
\nofMParguments=\count379
\everyMPshowfont=\toks54
\MPscratchCnt=\count380
\MPscratchDim=\dimen302
\MPnumerator=\count381
\makeMPintoPDFobject=\count382
\everyMPtoPDFconversion=\toks55
) (/usr/local/texlive/2023/texmf-dist/tex/latex/epstopdf-pkg/epstopdf-base.sty
Package: epstopdf-base 2020-01-24 v2.11 Base part for package epstopdf
Package epstopdf-base Info: Redefining graphics rule for `.eps' on input line 4
85.

(/usr/local/texlive/2023/texmf-dist/tex/latex/latexconfig/epstopdf-sys.cfg
File: epstopdf-sys.cfg 2010/07/13 v1.3 Configuration of (r)epstopdf for TeX Liv
e
))
\c@lstlisting=\count383
LaTeX Font Info:    Trying to load font information for T1+cmss on input line 2
65.

(/usr/local/texlive/2023/texmf-dist/tex/latex/base/t1cmss.fd
File: t1cmss.fd 2022/07/10 v2.5l Standard LaTeX font definitions
)
LaTeX Font Info:    Trying to load font information for U+msa on input line 265
.

(/usr/local/texlive/2023/texmf-dist/tex/latex/amsfonts/umsa.fd
File: umsa.fd 2013/01/14 v3.01 AMS symbols A
)
LaTeX Font Info:    Trying to load font information for U+msb on input line 265
.

(/usr/local/texlive/2023/texmf-dist/tex/latex/amsfonts/umsb.fd
File: umsb.fd 2013/01/14 v3.01 AMS symbols B
)
LaTeX Font Info:    Trying to load font information for OMS+rsfs on input line 
265.

(/usr/local/texlive/2023/texmf-dist/tex/latex/calrsfs/OMSrsfs.fd)
LaTeX Font Info:    Trying to load font information for U+stmry on input line 2
65.

(/usr/local/texlive/2023/texmf-dist/tex/latex/stmaryrd/Ustmry.fd) [1



{/usr/local/texlive/2023/texmf-var/fonts/map/pdftex/updmap/pdftex.map}{/usr/loc
al/texlive/2023/texmf-dist/fonts/enc/dvips/cm-super/cm-super-t1.enc}] (./b1/b1L
izenzen.tex
LaTeX Font Info:    Trying to load font information for T1+cmtt on input line 7
.
(/usr/local/texlive/2023/texmf-dist/tex/latex/base/t1cmtt.fd
File: t1cmtt.fd 2022/07/10 v2.5l Standard LaTeX font definitions
)) [2]
(./b1/b1OriginalesVorwort.tex)
1: section
1: chapter
1: chapter
1: section
[3

] [4

] (./main.toc
Overfull \hbox (2.03697pt too wide) detected at line 29
 []\T1/cmss/bx/n/12 109
 []

[5]
Overfull \hbox (2.03697pt too wide) detected at line 32
 []\T1/cmss/bx/n/12 117
 []


Overfull \hbox (2.03697pt too wide) detected at line 35
 []\T1/cmss/bx/n/12 129
 []


Overfull \hbox (2.03697pt too wide) detected at line 39
 []\T1/cmss/bx/n/12 149
 []


Overfull \hbox (2.03697pt too wide) detected at line 43
 []\T1/cmss/bx/n/12 163
 []


Overfull \hbox (2.03697pt too wide) detected at line 47
 []\T1/cmss/bx/n/12 173
 []


Overfull \hbox (2.03697pt too wide) detected at line 53
 []\T1/cmss/bx/n/12 193
 []


Overfull \hbox (2.03697pt too wide) detected at line 56
 []\T1/cmss/bx/n/12 203
 []


Overfull \hbox (2.03697pt too wide) detected at line 59
 []\T1/cmss/bx/n/12 215
 []


Overfull \hbox (2.03697pt too wide) detected at line 64
 []\T1/cmss/bx/n/12 231
 []


Underfull \vbox (badness 2111) has occurred while \output is active []

 [6])
\tf@toc=\write6
\openout6 = `main.toc'.


[7] [8

]
chapter 1.

Class scrbook Warning: \float@addtolists detected!
(scrbook)              Implementation of \float@addtolist became
(scrbook)              deprecated in KOMA-Script v3.01 2008/11/14 and
(scrbook)              has been replaced by several more flexible
(scrbook)              features of package `tocbasic`.
(scrbook)              Since Version 3.12 support for deprecated
(scrbook)              \float@addtolist interface has been
(scrbook)              restricted to only some of the KOMA-Script
(scrbook)              features and been removed from others.
(scrbook)              Loading of package `scrhack' may help to
(scrbook)              avoid this warning, if you are using a
(scrbook)              a package that still implements the
(scrbook)              deprecated \float@addtolist interface.

LaTeX Font Info:    Trying to load font information for TS1+cmss on input line 
280.
(/usr/local/texlive/2023/texmf-dist/tex/latex/base/ts1cmss.fd
File: ts1cmss.fd 2022/07/10 v2.5l Standard LaTeX font definitions
)
(./b1/b1Kapitel/b1Mengen.tex [1

{/usr/local/texlive/2023/texmf-dist/fonts/enc/dvips/cm-super/cm-super-ts1.enc}]
 [2] [3] [4] [5] [6] [7] [8] [9] [10] [11]
[12] [13] [14] [15] [16]) [17] [18

]
chapter 2.
(./b1/b1Kapitel/b1AbelscheGruppen.tex [19] [20] [21]
Underfull \hbox (badness 10000) in paragraph at lines 142--145
[]$\T1/cmr/m/n/12 : Sei-en zwei sinn-vol-le Klam-me-run-gen von
 []

[22]
Overfull \hbox (18.2122pt too wide) in paragraph at lines 182--183
\T1/cmr/m/n/12 Wir set-zen $[][] \OML/cmm/m/it/12 a[] \OT1/cmr/m/n/12 := 0$\T1/
cmr/m/n/12 . Statt $[][] \OML/cmm/m/it/12 a[]$ \T1/cmr/m/n/12 schreibt man auch
 $[][] \OML/cmm/m/it/12 a[]$\T1/cmr/m/n/12 . Be-ach-te $[][] \OML/cmm/m/it/12 a
[] []
 []

[23]
Overfull \hbox (10.92612pt too wide) detected at line 258
\OT1/cmr/m/n/12 (\OMS/cmsy/m/n/12 ^^C\OT1/cmr/m/n/12 ) ((\OML/cmm/m/it/12 a\OT1
/cmr/m/n/12 ) & (\OML/cmm/m/it/12 b\OT1/cmr/m/n/12 ) & (\OML/cmm/m/it/12 c\OT1/
cmr/m/n/12 ) & (\OML/cmm/m/it/12 d\OT1/cmr/m/n/12 ))  =[]\OMS/cmsy/m/n/12 )  \O
ML/cmm/m/it/12 H[]
 []

[24] [25] [26]
Overfull \hbox (9.12148pt too wide) in paragraph at lines 377--382
\T1/cmr/m/n/12 (Gruppen-)$[]$ \T1/cmr/m/it/12 mor-phis-mus[][][]\T1/cmr/m/n/12 
, wenn $\OML/cmm/m/it/12 f []$ \T1/cmr/m/n/12 ist. Einen Grup-
 []


LaTeX Font Warning: Command \tiny invalid in math mode on input line 397.

[27] [28] [29
pdfTeX warning (ext4): destination with the same identifier (name{equation.2.3.
1}) has been already used, duplicate ignored
<argument> ...shipout:D \box_use:N \l_shipout_box 
                                                  \__shipout_drop_firstpage_...
l.512 ...rline b:=\overline{a+b}\qquad(a,b\in G)$$
                                                  ] [30] [31] [32]
Overfull \hbox (11.71187pt too wide) detected at line 659
[] \OML/cmm/m/it/12 f \OMS/cmsy/m/n/12 ^^R \OML/cmm/m/it/12 G;  \OT1/cmr/m/n/12
 0 \OMS/cmsy/m/n/12 2 [] \OML/cmm/m/it/12 f;  \OMS/cmsy/m/n/12 8\OML/cmm/m/it/1
2 a; b \OMS/cmsy/m/n/12 2 [] \OML/cmm/m/it/12 f \OT1/cmr/m/n/12 : \OML/cmm/m/it
/12 a \OT1/cmr/m/n/12 + \OML/cmm/m/it/12 b \OMS/cmsy/m/n/12 2 [] \OML/cmm/m/it/
12 f [] \OMS/cmsy/m/n/12 8\OML/cmm/m/it/12 a \OMS/cmsy/m/n/12 2 [] \OML/cmm/m/i
t/12 f \OT1/cmr/m/n/12 : \OMS/cmsy/m/n/12 ^^@\OML/cmm/m/it/12 a \OMS/cmsy/m/n/1
2 2 [] \OML/cmm/m/it/12 f:
 []

[33] [34]) [35] [36

]
chapter 3.
(./b1/b1Kapitel/b1KommutativeRinge.tex
Overfull \hbox (36.67015pt too wide) in paragraph at lines 19--23
[]\T1/cmr/m/n/12 Man nennt $[]$ die \T1/cmr/m/it/12 zu-grun-de-lie-gen-de $[]$ 
\T1/cmr/m/n/12 oder die $[]$
 []

[37] [38] [39]
Underfull \hbox (badness 1264) in paragraph at lines 179--180
\OT1/cmr/m/n/12 1$ \T1/cmr/m/n/12 und $\OML/cmm/m/it/12 b[] \OT1/cmr/m/n/12 := 
0$ \T1/cmr/m/n/12 fr $\OML/cmm/m/it/12 k \OMS/cmsy/m/n/12 ^^U \OML/cmm/m/it/12
 n \OT1/cmr/m/n/12 + 1$\T1/cmr/m/n/12 . Dann gilt mit $[] [] \OT1/cmr/m/n/12 :=

 []

[40] [41] [42]
Underfull \vbox (badness 6316) has occurred while \output is active []

 [43]
[44] [45] [46] [47] [48]) [49] [50

]
chapter 4.
(./b1/b1Kapitel/b1Koerper.tex [51]
Overfull \hbox (8.72614pt too wide) detected at line 75
\OML/cmm/m/it/12 a \OMS/cmsy/m/n/12 2 \OML/cmm/m/it/12 A[]  \OMS/cmsy/m/n/12 ([
])  \OT1/cmr/m/n/12 1 \OMS/cmsy/m/n/12 2 \OT1/cmr/m/n/12 (\OML/cmm/m/it/12 a\OT
1/cmr/m/n/12 )  \OMS/cmsy/m/n/12 ([])  \OML/cmm/m/it/12 A \OT1/cmr/m/n/12 = (\O
ML/cmm/m/it/12 a\OT1/cmr/m/n/12 )  \OMS/cmsy/m/n/12 ([])  \OT1/cmr/m/n/12 #(\OM
L/cmm/m/it/12 a\OT1/cmr/m/n/12 ) = #\OML/cmm/m/it/12 A  \OMS/cmsy/m/n/12 ([])  
\OT1/cmr/m/n/12 #(\OML/cmm/m/it/12 a\OT1/cmr/m/n/12 ) = \OML/cmm/m/it/12 n:
 []

[52]
Overfull \hbox (4.20282pt too wide) detected at line 164
[]
 []

[53] [54] [55] [56]
Overfull \hbox (8.5566pt too wide) in paragraph at lines 249--252
[]$\T1/cmtt/m/n/12 https : / / perso . univ-[]rennes1 . fr / marie-[]francoise 
. roy / bpr-[]ed2-[]posted3 . pdf$[]\T1/cmr/m/n/12 ). 
 []


Overfull \hbox (3.28926pt too wide) in paragraph at lines 259--263
[]
 []

[57]) [58]
chapter 5.
(./b1/b1Kapitel/b1HoLiGleichungssysteme.tex [59

]
Overfull \hbox (26.29782pt too wide) detected at line 54
[]
 []

[60]
Overfull \hbox (13.11844pt too wide) detected at line 89
[]
 []

[61]
Overfull \hbox (17.62038pt too wide) in paragraph at lines 125--126
[][]\T1/cmr/bx/n/12 Definition 5.1.10. []\T1/cmr/m/n/12 Ei-ne Ma-trix $\OML/cmm
/m/it/12 A \OT1/cmr/m/n/12 = (\OML/cmm/m/it/12 a[]\OT1/cmr/m/n/12 )[] \OMS/cmsy
/m/n/12 2 \OML/cmm/m/it/12 K[]$ \T1/cmr/m/n/12 heit in \T1/cmr/m/it/12 (Zeilen
-)Stufenform[]\T1/cmr/m/n/12 ,
 []

[62] [63] [64] [65]
Underfull \vbox (badness 10000) has occurred while \output is active []

 [66]
Overfull \vbox (11.98065pt too high) has occurred while \output is active []


[67] [68] [69] [70] [71] [72]
Overfull \hbox (14.29868pt too wide) in paragraph at lines 756--758
[][]\T1/cmr/bx/n/12 Beispiel 5.3.8. []\T1/cmr/m/n/12 Wir su-chen ein Glei-chung
s-sys-tem, des-sen L-sungs-men-ge $[] []$
 []

) [73] [74

]
chapter 6.
(./b1/b1Kapitel/b1Vektorraume.tex [75]
Overfull \hbox (6.04178pt too wide) in paragraph at lines 62--63
[][]\T1/cmr/bx/n/12 Korollar 6.1.6. []\T1/cmr/m/n/12 [$\OMS/cmsy/m/n/12 !$ []\T
1/cmr/m/n/12 2.1.12[]] Sei $\OML/cmm/m/it/12 K$ \T1/cmr/m/n/12 ein Kr-per. Sin
d $\OML/cmm/m/it/12 n \OMS/cmsy/m/n/12 2 \U/msb/m/n/12 N[]$ \T1/cmr/m/n/12 und 
$\OML/cmm/m/it/12 V[]; [] ; V[]$ $K$\T1/cmr/m/n/12 -Vektorrume,
 []

[76] [77] [78]
Underfull \hbox (badness 6380) in paragraph at lines 211--212
[]\T1/cmr/m/n/12 Es gibt ein $\OML/cmm/m/it/12 i \OMS/cmsy/m/n/12 2 f\OT1/cmr/m
/n/12 1\OML/cmm/m/it/12 ; [] ; n\OMS/cmsy/m/n/12 g$ \T1/cmr/m/n/12 mit $[]\OT1/
cmr/m/n/12 (\OML/cmm/m/it/12 v[]; [] ; v[]; v[]; [] ; v[]\OT1/cmr/m/n/12 ) =
 []


Underfull \hbox (badness 10000) in paragraph at lines 219--220
\T1/cmr/m/n/12 Dies ist klar, da () und ([]b) bei-de qui-va-lent sind zu $\OM
L/cmm/m/it/12 v[] \OMS/cmsy/m/n/12 2
 []

[79] [80] [81]
Overfull \hbox (15.78998pt too wide) in paragraph at lines 321--322
[]\T1/cmr/m/n/12 Die Men-ge $\OMS/cmsy/m/n/12 f\OML/cmm/m/it/12 e[]; [] ; e[]\O
MS/cmsy/m/n/12 g$ \T1/cmr/m/n/12 der Stan-dard-vek-to-ren [$\OMS/cmsy/m/n/12 !$
[]\T1/cmr/m/n/12 6.2.2[]] ist ei-ne Ba-sis des $\OML/cmm/m/it/12 K$\T1/cmr/m/n/
12 -Vektorraums
 []


Overfull \hbox (1.81975pt too wide) in paragraph at lines 340--344
[][]\T1/cmr/bx/n/12 Beispiel 6.2.10. []$[] [] []$ \T1/cmr/m/n/12 ist ei-ne Ba-s
is von $\U/msb/m/n/12 R[]$\T1/cmr/m/n/12 , aber $[] \OML/cmm/m/it/12 ; [] ; []$

 []

[82] [83] [84] [85] [86] [87]
Overfull \hbox (64.99062pt too wide) in paragraph at lines 577--579
\T1/cmr/m/n/12 Eine li-nea-re Ab-bil-dung $\OML/cmm/m/it/12 f [] [] V \OMS/cmsy
/m/n/12 ! \OML/cmm/m/it/12 W$ \T1/cmr/m/n/12 heit (($\OML/cmm/m/it/12 K$\T1/cm
r/m/n/12 -)Vektorraum-) $[]$\T1/cmr/m/it/12 morphismus[][][]\T1/cmr/m/n/12 ,
 []

[88] [89] [90]
Overfull \hbox (9.68776pt too wide) detected at line 799
[]
 []

[91] [92]) [93] [94

]
chapter 7.
(./b1/b1Kapitel/b1Matrizen.tex [95] [96] [97]
Overfull \hbox (9.95876pt too wide) detected at line 229
[]
 []


Overfull \hbox (29.85356pt too wide) detected at line 233
[]
 []

[98] [99]
Underfull \hbox (badness 10000) in paragraph at lines 355--357

 []

[100] [101] [102] [103] [104] [105] [106] [107]) [108]
chapter 8.
(./b1/b1Kapitel/b1Quotienten.tex [109

]
Missing character: There is no ; in font nullfont!
Missing character: There is no ; in font nullfont!
Missing character: There is no ; in font nullfont!
Missing character: There is no ; in font nullfont!
Missing character: There is no ; in font nullfont!
Missing character: There is no ; in font nullfont!
Missing character: There is no ; in font nullfont!
Missing character: There is no ; in font nullfont!
Missing character: There is no ; in font nullfont!
Missing character: There is no ; in font nullfont!
Missing character: There is no ; in font nullfont!
Missing character: There is no ; in font nullfont!
Missing character: There is no ; in font nullfont!
Missing character: There is no ; in font nullfont!
Missing character: There is no ; in font nullfont!
Missing character: There is no ; in font nullfont!
Missing character: There is no ; in font nullfont!
Missing character: There is no ; in font nullfont!
Missing character: There is no ; in font nullfont!
Missing character: There is no ; in font nullfont!
Missing character: There is no ; in font nullfont!
Missing character: There is no ; in font nullfont!
Missing character: There is no ; in font nullfont!
Missing character: There is no ; in font nullfont!
Missing character: There is no ; in font nullfont!
[110] [111]
Overfull \hbox (7.56657pt too wide) in paragraph at lines 184--184
[][]\T1/cmr/bx/n/12 Satz 8.1.12 \T1/cmr/m/n/12 (Di-men-si-ons-for-mel fr li-ne
a-re Ab-bil-dun-gen)\T1/cmr/bx/n/12 . []\T1/cmr/m/n/12 Sei-en $\OML/cmm/m/it/12
 V$ \T1/cmr/m/n/12 und $\OML/cmm/m/it/12 W$ $K$\T1/cmr/m/n/12 -Vektorrume
 []

[112] [113]
Overfull \hbox (13.63017pt too wide) detected at line 272
\OML/cmm/m/it/12 f \OT1/cmr/m/n/12 : [] []  \OMS/cmsy/m/n/12 ([])  [] [] \OML/c
mm/m/it/12 U[] \OT1/cmr/m/n/12 = [] []
 []

[114]) [115] [116

]
chapter 9.
(./b1/b1Kapitel/b1Determinanten.tex [117] [118] [119] [120]
Overfull \hbox (16.27493pt too wide) detected at line 199
[] \OML/cmm/m/it/12 A \OT1/cmr/m/n/12 = [] [] [] ([] \OML/cmm/m/it/12 B\OT1/cmr
/m/n/12 )([] \OML/cmm/m/it/12 C\OT1/cmr/m/n/12 )\OML/cmm/m/it/12 :
 []

[121] [122] [123] [124] [125]

Package pgf Warning: Returning node center instead of a point on node border. D
id you specify a point identical to the center of node ``m1''? on input line 49
0.


Package pgf Warning: Returning node center instead of a point on node border. D
id you specify a point identical to the center of node ``g2''? on input line 49
0.


Package pgf Warning: Returning node center instead of a point on node border. D
id you specify a point identical to the center of node ``m2''? on input line 49
0.


Package pgf Warning: Returning node center instead of a point on node border. D
id you specify a point identical to the center of node ``g4''? on input line 49
0.


Underfull \vbox (badness 10000) has occurred while \output is active []

 [126]
Underfull \hbox (badness 1303) in paragraph at lines 512--513
[]\T1/cmr/m/n/12 Ist $\OML/cmm/m/it/12 A$ \T1/cmr/m/n/12 in-ver-tier-bar [$\OMS
/cmsy/m/n/12 !$ []\T1/cmr/m/n/12 7.2.9[]], so $\OT1/cmr/m/n/12 1 = [] \OML/cmm/
m/it/12 I[] \OT1/cmr/m/n/12 = [](\OML/cmm/m/it/12 AA[]\OT1/cmr/m/n/12 ) []
 []

[127]) [128]
chapter 10.
(./b1/b1Kapitel/b1Eigenvektoren.tex [129

] [130]
Underfull \vbox (badness 10000) has occurred while \output is active []

 [131]
[132] [133] [134] [135] [136]
Overfull \hbox (7.49211pt too wide) detected at line 394
\OML/cmm/m/it/12 ^^_[] \OT1/cmr/m/n/12 = [] []\OML/cmm/m/it/12 :
 []


Underfull \vbox (badness 10000) has occurred while \output is active []

 [137]
[138] [139] [140]
Underfull \vbox (badness 2245) has occurred while \output is active []

 [141]
[142] [143]
Underfull \hbox (badness 1406) in paragraph at lines 689--694
[]$[]$ \T1/cmr/m/n/12 Sei $\OML/cmm/m/it/12 f$ \T1/cmr/m/n/12 dia-go-na-li-sier
-bar. Wh-le ge-ord-ne-te Ba-sis $[]$ von $\OML/cmm/m/it/12 V$ \T1/cmr/m/n/12 m
it
 []

[144]
Overfull \hbox (10.6502pt too wide) in paragraph at lines 714--715
[][]\T1/cmr/bx/n/12 Definition 10.3.4. []\T1/cmr/m/n/12 Sei $\OML/cmm/m/it/12 A
 \OMS/cmsy/m/n/12 2 \OML/cmm/m/it/12 K[]$\T1/cmr/m/n/12 . Dann heit $\OML/cmm/
m/it/12 A$ $[]$[][]\T1/cmr/m/n/12 , wenn $\OML/cmm/m/it/12 f[]$ \T1/cmr/m/n/12 
[$\OMS/cmsy/m/n/12 !$ []\T1/cmr/m/n/12 6.3.2[](e)]
 []

[145]
Overfull \hbox (1.93799pt too wide) in paragraph at lines 758--759
[][]\T1/cmr/bx/n/12 Lemma 10.3.7. []\T1/cmr/m/n/12 [$\OMS/cmsy/m/n/12 !$ []\T1/
cmr/m/n/12 8.1.11[]] Sei-en $\OML/cmm/m/it/12 V$ \T1/cmr/m/n/12 ein Vek-tor-rau
m, $\OML/cmm/m/it/12 f \OMS/cmsy/m/n/12 2 []\OT1/cmr/m/n/12 (\OML/cmm/m/it/12 V
\OT1/cmr/m/n/12 )$ \T1/cmr/m/n/12 und $\OML/cmm/m/it/12 U$ \T1/cmr/m/n/12 ein $
\OML/cmm/m/it/12 f$\T1/cmr/m/n/12 -invarianter
 []

[146] [147]) [148]
chapter 11.
(./b1/b1Kapitel/b1Skalarprodukte.tex [149

] [150] [151]
Overfull \hbox (9.13423pt too wide) in paragraph at lines 152--156
[]\T1/cmr/m/n/12 Die durch das Stan-dards-ka-lar-pro-dukt auf dem $\U/msb/m/n/1
2 R[]$ \T1/cmr/m/n/12 [$\OMS/cmsy/m/n/12 !$[]\T1/cmr/m/n/12 11.1.3[](a)]
 []

[152] [153] [154]
Overfull \hbox (3.7356pt too wide) detected at line 257
\OMS/cmsy/m/n/12 h\OML/cmm/m/it/12 w \OMS/cmsy/m/n/12 ^^@ \OML/cmm/m/it/12 w[];
 w \OMS/cmsy/m/n/12 ^^@ \OML/cmm/m/it/12 w[]\OMS/cmsy/m/n/12 i \OT1/cmr/m/n/12 
= \OMS/cmsy/m/n/12 h\OML/cmm/m/it/12 w \OMS/cmsy/m/n/12 ^^@ \OML/cmm/m/it/12 w[
]; \OT1/cmr/m/n/12 (\OML/cmm/m/it/12 v \OMS/cmsy/m/n/12 ^^@ \OML/cmm/m/it/12 w[
]\OT1/cmr/m/n/12 ) \OMS/cmsy/m/n/12 ^^@ \OT1/cmr/m/n/12 (\OML/cmm/m/it/12 v \OM
S/cmsy/m/n/12 ^^@ \OML/cmm/m/it/12 w\OT1/cmr/m/n/12 )\OMS/cmsy/m/n/12 i \OT1/cm
r/m/n/12 = \OMS/cmsy/m/n/12 h[]\OML/cmm/m/it/12 ; []\OMS/cmsy/m/n/12 i ^^@ h[]\
OML/cmm/m/it/12 ; []\OMS/cmsy/m/n/12 i \OT1/cmr/m/n/12 = 0\OML/cmm/m/it/12 :
 []

[155] [156] [157]
Overfull \hbox (3.74588pt too wide) detected at line 404
[]  \OMS/cmsy/m/n/12 ([])  []\OML/cmm/m/it/12 :
 []

[158] [159] [160] [161]) [162]
chapter 12.
(./b2/b2Kapitel/b2-12-Halbordnungen.tex
Underfull \hbox (badness 10000) in paragraph at lines 16--17

 []

[163

]
Overfull \hbox (8.24394pt too wide) in paragraph at lines 58--59
\T1/cmr/m/n/12 Ein Ele-ment $\OML/cmm/m/it/12 a \OMS/cmsy/m/n/12 2 \OML/cmm/m/i
t/12 A$ \T1/cmr/m/n/12 heit $[]$, wenn $[]$
 []


Underfull \hbox (badness 10000) in paragraph at lines 58--59

 []


Overfull \hbox (3.52448pt too wide) in paragraph at lines 66--67
[]\T1/cmr/m/n/12 Besitzt $\OML/cmm/m/it/12 B$ \T1/cmr/m/n/12 ein $[]$, so auch 
ein $[]$ und es gilt $[]$. 
 []

[164]
Overfull \hbox (0.35948pt too wide) in paragraph at lines 127--128
[]$[]\OT1/cmr/m/n/12 (\OML/cmm/m/it/12 B\OT1/cmr/m/n/12 ) = [] []\OML/cmm/m/it/
12 B[]$ 
 []

[165] [166]
Underfull \hbox (badness 10000) in paragraph at lines 185--186

 []


Underfull \hbox (badness 10000) in paragraph at lines 191--193

 []


Underfull \hbox (badness 10000) in paragraph at lines 201--203

 []


Package paralist Warning: Incorrect label; no or multiple counters.
(paralist)                The label is: \normalfont (b) on input line 206.


Underfull \hbox (badness 10000) in paragraph at lines 210--211

 []


Underfull \hbox (badness 10000) in paragraph at lines 212--213

 []


LaTeX Warning: Command \OE invalid in math mode on input line 224.

Missing character: There is no  in font cmr12!

Underfull \hbox (badness 10000) in paragraph at lines 224--225

 []


Underfull \hbox (badness 10000) in paragraph at lines 226--227

 []

[167]

LaTeX Warning: Command \OE invalid in math mode on input line 238.

Missing character: There is no  in font cmr12!

Underfull \hbox (badness 10000) in paragraph at lines 237--239

 []

[168] [169]

LaTeX Warning: Command \OE invalid in math mode on input line 320.

Missing character: There is no  in font cmr12!
[170]) [171] [172

]
chapter 13.
(./b2/b2Kapitel/b2-13-BiLiQuaFormen.tex
Overfull \hbox (37.48114pt too wide) in paragraph at lines 29--30
[][]\T1/cmr/bx/n/12 Satz 13.1.4. []\T1/cmr/m/n/12 Sei $\OML/cmm/m/it/12 V$ \T1/
cmr/m/n/12 ein $\OML/cmm/m/it/12 K$\T1/cmr/m/n/12 -Vektorraum mit Ba-sis $[] \O
T1/cmr/m/n/12 = (\OML/cmm/m/it/12 v[]; [] v[]\OT1/cmr/m/n/12 )$\T1/cmr/m/n/12 .
 Dann sind $\OT1/cmr/m/n/12 ^^H : []$
 []


Overfull \hbox (26.58786pt too wide) in paragraph at lines 29--30
\T1/cmr/m/n/12 und $\OT1/cmr/m/n/12 	 : []$ \T1/cmr/m/n/12 zu-ein-an-der in-ver
-se $\OML/cmm/m/it/12 K$\T1/cmr/m/n/12 -Vektorraumisomorphismen 
 []

[173]
Overfull \hbox (23.52322pt too wide) in paragraph at lines 46--47
[][]\T1/cmr/bx/n/12 Korollar 13.1.6. []\T1/cmr/m/n/12 Sei $\OML/cmm/m/it/12 n \
OMS/cmsy/m/n/12 2 \U/msb/m/n/12 N[]$\T1/cmr/m/n/12 . Dann sind $\OT1/cmr/m/n/12
 ^^H : []$ \T1/cmr/m/n/12 und $\OT1/cmr/m/n/12 	 : []$
 []

[174]
Underfull \hbox (badness 10000) in paragraph at lines 102--104

 []

[175] [176]
Underfull \hbox (badness 10000) in paragraph at lines 163--164

 []


Underfull \hbox (badness 10000) in paragraph at lines 174--175

 []

[177] [178] [179] [180]
Underfull \hbox (badness 10000) in paragraph at lines 348--349

 []

[181]
Overfull \hbox (16.94554pt too wide) in paragraph at lines 383--385
[][]\T1/cmr/bx/n/12 Definition und Pro-po-si-ti-on 13.3.11. []\T1/cmr/m/n/12 Se
i $\OML/cmm/m/it/12 V$ \T1/cmr/m/n/12 ein $\OML/cmm/m/it/12 K$\T1/cmr/m/n/12 -V
ektorraum mit Ba-sis $[] \OT1/cmr/m/n/12 = (\OML/cmm/m/it/12 v[]; [] ; v[]\OT1/
cmr/m/n/12 )$\T1/cmr/m/n/12 .
 []

[182] [183]
Underfull \hbox (badness 10000) in paragraph at lines 472--473

 []


Overfull \hbox (9.11063pt too wide) detected at line 482
[]
 []

[184]
Overfull \hbox (3.56052pt too wide) detected at line 488
[]
 []


Underfull \hbox (badness 10000) in paragraph at lines 510--511

 []


Underfull \hbox (badness 10000) in paragraph at lines 512--513

 []

[185]
Underfull \hbox (badness 10000) in paragraph at lines 582--583
[]\T1/cmr/m/n/12 Nach Lem-ma []13.5.1[] reicht es zu zei-gen
 []


Overfull \hbox (2.51006pt too wide) detected at line 586
[]
 []

[186] [187]
Overfull \hbox (9.05482pt too wide) in paragraph at lines 622--623
\T1/cmr/m/n/12 von $\OML/cmm/m/it/12 A$ \T1/cmr/m/n/12 ver-ste-hen wir ein Tri-
pel $\OT1/cmr/m/n/12 (\OML/cmm/m/it/12 S; P; D\OT1/cmr/m/n/12 )$ \T1/cmr/m/n/12
 von Ma-tri-zen $\OML/cmm/m/it/12 S; P; D \OMS/cmsy/m/n/12 2 \OML/cmm/m/it/12 K
[]$ \T1/cmr/m/n/12 mit $\OML/cmm/m/it/12 A \OT1/cmr/m/n/12 = \OML/cmm/m/it/12 S
[]P[]DPS$\T1/cmr/m/n/12 ,
 []


Overfull \hbox (4.70929pt too wide) in paragraph at lines 662--664
\T1/cmr/m/n/12 und $[]\OT1/cmr/m/n/12 (\OML/cmm/m/it/12 P\OT1/cmr/m/n/12 ) = []
[] \OML/cmm/m/it/12 B[] \OT1/cmr/m/n/12 = [][]$\T1/cmr/m/n/12 . Al-so $[] \OML/
cmm/m/it/12 A \OT1/cmr/m/n/12 = 4[] [] \OML/cmm/m/it/12 D$\T1/cmr/m/n/12 . 
 []

[188]
Underfull \hbox (badness 10000) in paragraph at lines 670--671

 []


Underfull \hbox (badness 10000) in paragraph at lines 672--673

 []


Underfull \hbox (badness 10000) in paragraph at lines 674--675

 []


Underfull \hbox (badness 2035) in paragraph at lines 679--680
\OML/cmm/m/it/12 a[]h[]\OT1/cmr/m/n/12 (\OML/cmm/m/it/12 x\OT1/cmr/m/n/12 )\OML
/cmm/m/it/12 h[]\OT1/cmr/m/n/12 (\OML/cmm/m/it/12 x\OT1/cmr/m/n/12 ) = \OML/cmm
/m/it/12 a[]x[]x[] \OT1/cmr/m/n/12 + [] + [][] \OML/cmm/m/it/12 b[]x[]x[]$ \T1/
cmr/m/n/12 fr
 []


Underfull \hbox (badness 10000) in paragraph at lines 679--680

 []

[189]
Overfull \hbox (10.05965pt too wide) in paragraph at lines 698--699
[]\T1/cmr/m/n/12 Es ist na-tr-lich er-stre-bens-wert in ei-ner ver-all-ge-mei-
ner-ten Cholesky-Zerlegung $\OT1/cmr/m/n/12 (\OML/cmm/m/it/12 S; P; D\OT1/cmr/m
/n/12 )$
 []

[190]) [191] [192

]
chapter 14.
(./b2/b2Kapitel/b2-14-ReQuaFormen.tex
Overfull \hbox (19.767pt too wide) in paragraph at lines 6--7
[][]\T1/cmr/bx/n/12 Satz und De-fi-ni-ti-on 14.1.1. []\T1/cmr/m/n/12 (Trg-heit
s-satz) Sei $\OML/cmm/m/it/12 V$ \T1/cmr/m/n/12 ein end-lich-di-men-sio-na-ler 
$\U/msb/m/n/12 R$\T1/cmr/m/n/12 -Vektorraum
 []


Underfull \hbox (badness 10000) in paragraph at lines 22--24

 []


Underfull \vbox (badness 1874) has occurred while \output is active []

 [193]
Overfull \hbox (24.42099pt too wide) in paragraph at lines 60--62
\T1/cmr/m/n/12 des $\OML/cmm/m/it/12 ^^U[]$ \T1/cmr/m/n/12 sei-ner al-ge-brai-s
chen Viel-fach-heit ent-spre-chend oft auf-ge-fhrt ist [$\OMS/cmsy/m/n/12 !$[]
\T1/cmr/m/n/12 10.1.14[],[]11.3.10[]],
 []

[194]
Underfull \hbox (badness 10000) in paragraph at lines 81--82

 []


Underfull \hbox (badness 10000) in paragraph at lines 109--113

 []


Underfull \hbox (badness 1205) in paragraph at lines 114--115
$[]$\T1/cmr/m/n/12 . Set-ze $\OML/cmm/m/it/12 ^^U[] \OT1/cmr/m/n/12 := \OML/cmm
/m/it/12 d[]$ \T1/cmr/m/n/12 fr $\OML/cmm/m/it/12 i \OMS/cmsy/m/n/12 2 f\OT1/c
mr/m/n/12 1\OML/cmm/m/it/12 ; [] ; n\OMS/cmsy/m/n/12 g$\T1/cmr/m/n/12 . Dann gi
lt
 []


Underfull \hbox (badness 10000) in paragraph at lines 114--115

 []

[195] [196]

LaTeX Font Warning: Font shape `U/stmry/b/n' undefined
(Font)              using `U/stmry/m/n' instead on input line 192.


Underfull \hbox (badness 10000) in paragraph at lines 192--193

 []


Underfull \hbox (badness 10000) in paragraph at lines 194--195

 []

[197] [198]
Underfull \hbox (badness 10000) in paragraph at lines 232--233

 []


Underfull \hbox (badness 10000) in paragraph at lines 234--235

 []


Underfull \hbox (badness 10000) in paragraph at lines 236--237

 []


Underfull \hbox (badness 4726) in paragraph at lines 251--261
$[]$\T1/cmr/m/n/12 . Ist $\OML/cmm/m/it/12 A \OT1/cmr/m/n/12 = \OML/cmm/m/it/12
 P[]DP$ \T1/cmr/m/n/12 mit $\OML/cmm/m/it/12 P \OT1/cmr/m/n/12 = [] \OMS/cmsy/m
/n/12 2 \U/msb/m/n/12 R[]$ \T1/cmr/m/n/12 und
 []


Underfull \hbox (badness 10000) in paragraph at lines 251--261

 []


Underfull \hbox (badness 10000) in paragraph at lines 262--263

 []


Underfull \hbox (badness 10000) in paragraph at lines 264--265

 []


Underfull \hbox (badness 1221) in paragraph at lines 266--267
\T1/cmr/m/n/12 Es ist nun die qui-va-lenz der Aus-sa-gen (a)-(j) ge-zeigt. Die
 qui-va-len-zen
 []

[199]
Underfull \hbox (badness 10000) in paragraph at lines 283--284

 []


Underfull \hbox (badness 10000) in paragraph at lines 285--286

 []

[200]
Underfull \hbox (badness 10000) in paragraph at lines 304--305

 []

[201]) [202]
chapter 15.
(./b2/b2Kapitel/b2-15-Skalarprodukte.tex
Underfull \hbox (badness 10000) in paragraph at lines 23--24

 []

[203

]

LaTeX Font Warning: Command \small invalid in math mode on input line 72.


LaTeX Font Warning: Command \small invalid in math mode on input line 72.

[204] [205]

LaTeX Warning: Command \l invalid in math mode on input line 159.

Missing character: There is no  in font cmr12!

LaTeX Warning: Command \l invalid in math mode on input line 159.

Missing character: There is no  in font cmr12!

Underfull \hbox (badness 10000) in paragraph at lines 166--167

 []

[206]
Underfull \hbox (badness 10000) in paragraph at lines 195--196

 []


Underfull \hbox (badness 10000) in paragraph at lines 197--198

 []

[207]
Underfull \hbox (badness 10000) in paragraph at lines 245--246

 []


LaTeX Font Warning: Command \tiny invalid in math mode on input line 252.


LaTeX Font Warning: Command \tiny invalid in math mode on input line 252.


Overfull \hbox (19.90054pt too wide) detected at line 265
[]
 []

[208]
Underfull \hbox (badness 10000) in paragraph at lines 283--284

 []


Underfull \hbox (badness 10000) in paragraph at lines 285--286

 []


Underfull \hbox (badness 10000) in paragraph at lines 287--288

 []

[209] [210]
Underfull \hbox (badness 10000) in paragraph at lines 390--392

 []


Underfull \hbox (badness 10000) in paragraph at lines 400--401

 []


Underfull \hbox (badness 2818) in paragraph at lines 402--405
[]$\T1/cmr/m/n/12 . Fr je-den re-el-len Ei-gen-wert $\OML/cmm/m/it/12 ^^U$ \T1
/cmr/m/n/12 von $\OML/cmm/m/it/12 g$ \T1/cmr/m/n/12 sei-en $\OML/cmm/m/it/12 r 
\OMS/cmsy/m/n/12 2 \U/msb/m/n/12 N$ \T1/cmr/m/n/12 und
 []


Underfull \hbox (badness 5985) in paragraph at lines 402--405
\T1/cmr/m/n/12 die-sel-ben Zei-len-ope-ra-tio-nen sind erst recht ber $\U/msb/
m/n/12 C$ \T1/cmr/m/n/12 durch-fhr-bar), gilt
 []


Underfull \hbox (badness 10000) in paragraph at lines 402--405

 []


Underfull \hbox (badness 10000) in paragraph at lines 413--415

 []

[211] [212]
Underfull \hbox (badness 10000) in paragraph at lines 453--454

 []

[213]) [214]
chapter 16.
(./b2/b2Kapitel/b2-16-Teilbarkeit.tex [215

]
Overfull \hbox (6.64333pt too wide) in paragraph at lines 44--45
[][]\T1/cmr/bx/n/12 Definition 16.1.4. []\T1/cmr/m/n/12 Sei $\OML/cmm/m/it/12 B
 \OMS/cmsy/m/n/12 ^^R \OML/cmm/m/it/12 A$ \T1/cmr/m/n/12 und $\OML/cmm/m/it/12 
a \OMS/cmsy/m/n/12 2 \OML/cmm/m/it/12 A$\T1/cmr/m/n/12 . Es heit $\OML/cmm/m/i
t/12 a$ \T1/cmr/m/n/12 ein $[]$
 []


Overfull \hbox (11.06276pt too wide) in paragraph at lines 63--64
[]\T1/cmr/m/n/12 Wegen der Ein-deu-tig-keit von In-fi-ma und Su-pre-ma in halb-
ge-ord-ne-ten Men-gen [$\OMS/cmsy/m/n/12 !$[]\T1/cmr/m/n/12 12.1.6[]]
 []

[216]
Underfull \hbox (badness 10000) in paragraph at lines 86--87

 []


Underfull \hbox (badness 10000) in paragraph at lines 91--92

 []

[217]
Underfull \hbox (badness 10000) in paragraph at lines 156--157

 []

[218]

Package paralist Warning: Incorrect label; no or multiple counters.
(paralist)                The label is: \normalfont  on input line 183.

[219]

LaTeX Warning: Reference `16.1.18' on page 220 undefined on input line 218.

[220]
Underfull \hbox (badness 10000) in paragraph at lines 275--276

 []

[221]
Underfull \hbox (badness 10000) in paragraph at lines 300--301

 []

[222]
Underfull \hbox (badness 1748) in paragraph at lines 337--338
[]\T1/cmr/m/n/12 Sei $\OML/cmm/m/it/12 p \OMS/cmsy/m/n/12 6\OT1/cmr/m/n/12 = 0$
 \T1/cmr/m/n/12 prim in $\OML/cmm/m/it/12 A$\T1/cmr/m/n/12 . Zu zei-gen sind (a
) $\OML/cmm/m/it/12 p [] A[]$ \T1/cmr/m/n/12 und (b)
 []


Underfull \hbox (badness 10000) in paragraph at lines 337--338

 []


Underfull \hbox (badness 10000) in paragraph at lines 339--340

 []

[223]
Underfull \hbox (badness 10000) in paragraph at lines 363--364

 []


Underfull \hbox (badness 10000) in paragraph at lines 365--366

 []

[224]
Underfull \hbox (badness 10000) in paragraph at lines 414--416

 []


Underfull \hbox (badness 10000) in paragraph at lines 417--418

 []

[225]
Underfull \hbox (badness 1275) in paragraph at lines 456--457
\T1/cmr/m/n/12 fak-tor auf-tau-chen. Da Prim-ele-men-te kei-ne Ein-hei-ten sind
, kann aber dort
 []


Underfull \hbox (badness 1527) in paragraph at lines 456--457
\T1/cmr/m/n/12 auch hchs-tens ein Prim-fak-tor auf-tre-ten. Sei nun $\OT1/cmr/
m/n/12 (\OML/cmm/m/it/12 a[]\OT1/cmr/m/n/12 )[]$ \T1/cmr/m/n/12 ei-ne Fol-ge mi
t
 []


Underfull \hbox (badness 10000) in paragraph at lines 456--457

 []

[226]
Underfull \hbox (badness 10000) in paragraph at lines 465--466

 []


Underfull \hbox (badness 10000) in paragraph at lines 467--468

 []


LaTeX Warning: Reference `16.4.9' on page 227 undefined on input line 475.

[227]
Underfull \hbox (badness 10000) in paragraph at lines 499--500

 []


Underfull \hbox (badness 10000) in paragraph at lines 501--502

 []


Overfull \hbox (14.17291pt too wide) in paragraph at lines 515--518
\OML/cmm/m/it/12 [] \OT1/cmr/m/n/12 := []$\T1/cmr/m/n/12 .
 []

[228]) [229] [230

]
chapter 17.
(./b2/b2Kapitel/b2-17-Normalformen.tex
Overfull \hbox (15.59352pt too wide) in paragraph at lines 44--47
\T1/cmr/m/n/12 An-wen-dung der ers-ten bei-den Ope-ra-tio-nen in je-de Ma-trix 
$[] \OMS/cmsy/m/n/12 2 \OML/cmm/m/it/12 A[]$ \T1/cmr/m/n/12 mit $[] [] \OT1/cmr
/m/n/12 =
 []

[231] [232]
Underfull \vbox (badness 6808) has occurred while \output is active []

 [233]
[234]
Underfull \hbox (badness 10000) in paragraph at lines 162--163

 []


Underfull \hbox (badness 10000) in paragraph at lines 164--165

 []


LaTeX Warning: Reference `17.1..8' on page 235 undefined on input line 166.


Underfull \hbox (badness 10000) in paragraph at lines 179--184

 []


Underfull \hbox (badness 10000) in paragraph at lines 185--194

 []


Underfull \hbox (badness 1454) in paragraph at lines 198--199
\T1/cmr/m/n/12 Setze $\OT1/cmr/m/n/12 (\OML/cmm/m/it/12 d[]; [] ; d[]\OT1/cmr/m
/n/12 ) := (\OML/cmm/m/it/12 d[]; ::d[]; c; d; d[]; [] ; d[]\OT1/cmr/m/n/12 )$\
T1/cmr/m/n/12 . Noch zu zei-gen ist:
 []

[235] [236] [237]
Overfull \hbox (11.56244pt too wide) detected at line 288
[]
 []


Underfull \vbox (badness 10000) has occurred while \output is active []

 [238]
Overfull \hbox (13.73965pt too wide) in paragraph at lines 310--311
[][]\OT1/cmr/m/n/12 (\OML/cmm/m/it/12 A\OT1/cmr/m/n/12 ) = ([]\OMS/cmsy/m/n/12 
f\OML/cmm/m/it/12 A\OMS/cmsy/m/n/12 g\OT1/cmr/m/n/12 ) = (2)$\T1/cmr/m/n/12 , $
[][]\OT1/cmr/m/n/12 (\OML/cmm/m/it/12 A\OT1/cmr/m/n/12 ) = (12\OML/cmm/m/it/12 
; \OT1/cmr/m/n/12 12\OML/cmm/m/it/12 ; \OMS/cmsy/m/n/12 ^^@\OT1/cmr/m/n/12 12) 
= (12)$\T1/cmr/m/n/12 , $[][]\OT1/cmr/m/n/12 (\OML/cmm/m/it/12 A\OT1/cmr/m/n/12
 ) = [][](\OML/cmm/m/it/12 A\OT1/cmr/m/n/12 ) =
 []

[239]
Overfull \hbox (8.66562pt too wide) in paragraph at lines 348--348
[][]\T1/cmr/bx/n/12 Lemma 17.3.4. []\T1/cmr/m/n/12 Sei $\OML/cmm/m/it/12 S \OMS
/cmsy/m/n/12 2 \OML/cmm/m/it/12 A[]$ \T1/cmr/m/n/12 in Smit-h-scher Nor-mal-for
m, $\OML/cmm/m/it/12 l \OT1/cmr/m/n/12 := []\OMS/cmsy/m/n/12 f\OML/cmm/m/it/12 
n; m\OMS/cmsy/m/n/12 g$ \T1/cmr/m/n/12 und $\OML/cmm/m/it/12 c[]; [] ; c[] \OMS
/cmsy/m/n/12 2
 []

[240]

LaTeX Warning: Reference `17.1.12' on page 241 undefined on input line 382.


Underfull \hbox (badness 10000) in paragraph at lines 382--383

 []


LaTeX Font Warning: Command \footnotesize invalid in math mode on input line 41
7.


LaTeX Font Warning: Command \footnotesize invalid in math mode on input line 41
7.

[241] [242]
Underfull \vbox (badness 1297) has occurred while \output is active []

 [243]
Underfull \hbox (badness 10000) in paragraph at lines 517--519

 []


Underfull \hbox (badness 10000) in paragraph at lines 520--521

 []

[244]

LaTeX Warning: Reference `17.1.12' on page 245 undefined on input line 537.


Underfull \vbox (badness 1436) has occurred while \output is active []

 [245]
Overfull \hbox (25.72516pt too wide) detected at line 556
[]
 []

[246] [247]
Underfull \hbox (badness 6758) in paragraph at lines 640--661
[]\T1/cmr/m/n/12 Sei $\OML/cmm/m/it/12 n \OT1/cmr/m/n/12 := [] \OML/cmm/m/it/12
 p \OMS/cmsy/m/n/12 ^^U \OT1/cmr/m/n/12 1$\T1/cmr/m/n/12 . Streicht man in $\OM
L/cmm/m/it/12 C\OT1/cmr/m/n/12 (\OML/cmm/m/it/12 p\OT1/cmr/m/n/12 ) \OMS/cmsy/m
/n/12 ^^@ \OML/cmm/m/it/12 XI[] \OT1/cmr/m/n/12 =
 []

[248]
Underfull \vbox (badness 6445) has occurred while \output is active []

 [249]
Underfull \vbox (badness 10000) has occurred while \output is active []

 [250]
Overfull \hbox (14.4139pt too wide) detected at line 806
[]
 []


Overfull \vbox (0.4pt too high) detected at line 812
 []

[251]

Package pgf Warning: Returning node center instead of a point on node border. D
id you specify a point identical to the center of node ``d''? on input line 892
.


Package pgf Warning: Returning node center instead of a point on node border. D
id you specify a point identical to the center of node ``c''? on input line 892
.


Underfull \vbox (badness 10000) has occurred while \output is active []

 [252]
Underfull \hbox (badness 10000) in paragraph at lines 912--913

 []


Underfull \hbox (badness 1622) in paragraph at lines 965--967
\T1/cmr/m/n/12 Wegen der Ein-deu-tig-keit der Fro-be-ni-us'schen Nor-mal-form a
us []17.5.4[] folgt
 []

[253] [254]
Overfull \vbox (0.4pt too high) detected at line 977
 []

[255]
Overfull \hbox (55.99956pt too wide) in paragraph at lines 1011--1012
\T1/cmr/m/n/12 Dann gibt es ein bis auf Rei-hen-fol-ge der Ein-tr-ge ein-deu-t
ig be-stimm-tes Tu-pel $\OT1/cmr/m/n/12 ((\OML/cmm/m/it/12 ^^U[]; k[]\OT1/cmr/m
/n/12 )\OML/cmm/m/it/12 ; [] ; \OT1/cmr/m/n/12 (\OML/cmm/m/it/12 ^^U[]; k[]\OT1
/cmr/m/n/12 ))$
 []


Underfull \hbox (badness 10000) in paragraph at lines 1058--1060

 []

[256]
Overfull \vbox (0.4pt too high) detected at line 1070
 []


Overfull \vbox (0.4pt too high) detected at line 1075
 []


Overfull \vbox (0.79999pt too high) detected at line 1079
 []

) [257] [258

]
runsystem(makeindex main.idx)...executed safely (allowed).

 (./main.ind [259


] [260] [261]) [262] (./main.aux)

LaTeX Font Warning: Some font shapes were not available, defaults substituted.


LaTeX Warning: There were undefined references.


LaTeX Warning: There were multiply-defined labels.

Package rerunfilecheck Info: File `main.out' has not changed.
(rerunfilecheck)             Checksum: D41D8CD98F00B204E9800998ECF8427E;0.
 ) 
Here is how much of TeX's memory you used:
 47484 strings out of 476025
 986107 string characters out of 5790017
 1902388 words of memory out of 5000000
 65479 multiletter control sequences out of 15000+600000
 552655 words of font info for 149 fonts, out of 8000000 for 9000
 1141 hyphenation exceptions out of 8191
 124i,28n,120p,10599b,1752s stack positions out of 10000i,1000n,20000p,200000b,200000s

pdfTeX warning (dest): name{sat.17.6.3} has been referenced but does not exist,
 replaced by a fixed one


pdfTeX warning (dest): name{sat.17.3.7} has been referenced but does not exist,
 replaced by a fixed one


pdfTeX warning (dest): name{sat.16.1.7} has been referenced but does not exist,
 replaced by a fixed one


pdfTeX warning (dest): name{sat.16.2.2} has been referenced but does not exist,
 replaced by a fixed one


pdfTeX warning (dest): name{sat.16.2.3} has been referenced but does not exist,
 replaced by a fixed one


pdfTeX warning (dest): name{sat.13.5.10} has been referenced but does not exist
, replaced by a fixed one


pdfTeX warning (dest): name{sat.13.3.2} has been referenced but does not exist,
 replaced by a fixed one


pdfTeX warning (dest): name{sat.4.2.13} has been referenced but does not exist,
 replaced by a fixed one


pdfTeX warning (dest): name{sat.11.2.11} has been referenced but does not exist
, replaced by a fixed one


pdfTeX warning (dest): name{sat.11.1.12} has been referenced but does not exist
, replaced by a fixed one


pdfTeX warning (dest): name{sat.11.1.3} has been referenced but does not exist,
 replaced by a fixed one


pdfTeX warning (dest): name{sat.10.2.14} has been referenced but does not exist
, replaced by a fixed one


pdfTeX warning (dest): name{sat.10.2.12} has been referenced but does not exist
, replaced by a fixed one


pdfTeX warning (dest): name{sat.9.1.10} has been referenced but does not exist,
 replaced by a fixed one


pdfTeX warning (dest): name{sat.7.2.7} has been referenced but does not exist, 
replaced by a fixed one


pdfTeX warning (dest): name{sat.9.1.8} has been referenced but does not exist, 
replaced by a fixed one


pdfTeX warning (dest): name{sat.7.2.2} has been referenced but does not exist, 
replaced by a fixed one


pdfTeX warning (dest): name{sat.7.1.7} has been referenced but does not exist, 
replaced by a fixed one


pdfTeX warning (dest): name{sat.2.2.14} has been referenced but does not exist,
 replaced by a fixed one


pdfTeX warning (dest): name{sat.6.2.4} has been referenced but does not exist, 
replaced by a fixed one


pdfTeX warning (dest): name{sat.6.1.11} has been referenced but does not exist,
 replaced by a fixed one


pdfTeX warning (dest): name{sat.6.1.4} has been referenced but does not exist, 
replaced by a fixed one


pdfTeX warning (dest): name{sat.5.1.14} has been referenced but does not exist,
 replaced by a fixed one


pdfTeX warning (dest): name{sat.4.1.5} has been referenced but does not exist, 
replaced by a fixed one


pdfTeX warning (dest): name{sat.3.2.3} has been referenced but does not exist, 
replaced by a fixed one


pdfTeX warning (dest): name{sat.3.1.2} has been referenced but does not exist, 
replaced by a fixed one


pdfTeX warning (dest): name{sat.2.1.3} has been referenced but does not exist, 
replaced by a fixed one


pdfTeX warning (dest): name{sat.1.1.30} has been referenced but does not exist,
 replaced by a fixed one


pdfTeX warning (dest): name{sat.2.1.2} has been referenced but does not exist, 
replaced by a fixed one


pdfTeX warning (dest): name{sat.1.1.14} has been referenced but does not exist,
 replaced by a fixed one


pdfTeX warning (dest): name{sat.1.2.5} has been referenced but does not exist, 
replaced by a fixed one


pdfTeX warning (dest): name{sat.1.1.29} has been referenced but does not exist,
 replaced by a fixed one

</usr/local/texlive/2023/texmf-dist/fonts/type1/public/amsfonts/cm/cmbsy10.pfb>
</usr/local/texlive/2023/texmf-dist/fonts/type1/public/amsfonts/cm/cmbx12.pfb><
/usr/local/texlive/2023/texmf-dist/fonts/type1/public/amsfonts/cm/cmex10.pfb></
usr/local/texlive/2023/texmf-dist/fonts/type1/public/amsfonts/cmextra/cmex8.pfb
></usr/local/texlive/2023/texmf-dist/fonts/type1/public/amsfonts/cm/cmmi10.pfb>
</usr/local/texlive/2023/texmf-dist/fonts/type1/public/amsfonts/cm/cmmi12.pfb><
/usr/local/texlive/2023/texmf-dist/fonts/type1/public/amsfonts/cm/cmmi5.pfb></u
sr/local/texlive/2023/texmf-dist/fonts/type1/public/amsfonts/cm/cmmi6.pfb></usr
/local/texlive/2023/texmf-dist/fonts/type1/public/amsfonts/cm/cmmi7.pfb></usr/l
ocal/texlive/2023/texmf-dist/fonts/type1/public/amsfonts/cm/cmmi8.pfb></usr/loc
al/texlive/2023/texmf-dist/fonts/type1/public/amsfonts/cm/cmmib10.pfb></usr/loc
al/texlive/2023/texmf-dist/fonts/type1/public/amsfonts/cm/cmr10.pfb></usr/local
/texlive/2023/texmf-dist/fonts/type1/public/amsfonts/cm/cmr12.pfb></usr/local/t
exlive/2023/texmf-dist/fonts/type1/public/amsfonts/cm/cmr17.pfb></usr/local/tex
live/2023/texmf-dist/fonts/type1/public/amsfonts/cm/cmr6.pfb></usr/local/texliv
e/2023/texmf-dist/fonts/type1/public/amsfonts/cm/cmr8.pfb></usr/local/texlive/2
023/texmf-dist/fonts/type1/public/amsfonts/cm/cmsy10.pfb></usr/local/texlive/20
23/texmf-dist/fonts/type1/public/amsfonts/cm/cmsy6.pfb></usr/local/texlive/2023
/texmf-dist/fonts/type1/public/amsfonts/cm/cmsy7.pfb></usr/local/texlive/2023/t
exmf-dist/fonts/type1/public/amsfonts/cm/cmsy8.pfb></usr/local/texlive/2023/tex
mf-dist/fonts/type1/public/amsfonts/symbols/msam10.pfb></usr/local/texlive/2023
/texmf-dist/fonts/type1/public/amsfonts/symbols/msbm10.pfb></usr/local/texlive/
2023/texmf-dist/fonts/type1/public/rsfs/rsfs10.pfb></usr/local/texlive/2023/tex
mf-dist/fonts/type1/public/cm-super/sfbx1200.pfb></usr/local/texlive/2023/texmf
-dist/fonts/type1/public/cm-super/sfbx1728.pfb></usr/local/texlive/2023/texmf-d
ist/fonts/type1/public/cm-super/sfrm0600.pfb></usr/local/texlive/2023/texmf-dis
t/fonts/type1/public/cm-super/sfrm0700.pfb></usr/local/texlive/2023/texmf-dist/
fonts/type1/public/cm-super/sfrm0800.pfb></usr/local/texlive/2023/texmf-dist/fo
nts/type1/public/cm-super/sfrm1000.pfb></usr/local/texlive/2023/texmf-dist/font
s/type1/public/cm-super/sfrm1095.pfb></usr/local/texlive/2023/texmf-dist/fonts/
type1/public/cm-super/sfrm1200.pfb></usr/local/texlive/2023/texmf-dist/fonts/ty
pe1/public/cm-super/sfrm1728.pfb></usr/local/texlive/2023/texmf-dist/fonts/type
1/public/cm-super/sfrm2074.pfb></usr/local/texlive/2023/texmf-dist/fonts/type1/
public/cm-super/sfrm2488.pfb></usr/local/texlive/2023/texmf-dist/fonts/type1/pu
blic/cm-super/sfsl1200.pfb></usr/local/texlive/2023/texmf-dist/fonts/type1/publ
ic/cm-super/sfsx1095.pfb></usr/local/texlive/2023/texmf-dist/fonts/type1/public
/cm-super/sfsx1200.pfb></usr/local/texlive/2023/texmf-dist/fonts/type1/public/c
m-super/sfsx1440.pfb></usr/local/texlive/2023/texmf-dist/fonts/type1/public/cm-
super/sfsx1728.pfb></usr/local/texlive/2023/texmf-dist/fonts/type1/public/cm-su
per/sfsx2488.pfb></usr/local/texlive/2023/texmf-dist/fonts/type1/public/cm-supe
r/sfti1200.pfb></usr/local/texlive/2023/texmf-dist/fonts/type1/public/cm-super/
sftt1200.pfb></usr/local/texlive/2023/texmf-dist/fonts/type1/public/stmaryrd/st
mary10.pfb>
Output written on main.pdf (270 pages, 1772234 bytes).
PDF statistics:
 5312 PDF objects out of 6186 (max. 8388607)
 4514 compressed objects within 46 object streams
 1619 named destinations out of 1728 (max. 500000)
 717 words of extra memory for PDF output out of 10000 (max. 10000000)

