This is pdfTeX, Version 3.141592653-2.6-1.40.25 (TeX Live 2023) (preloaded format=pdflatex 2023.3.25)  28 MAR 2023 13:50
entering extended mode
 restricted \write18 enabled.
 file:line:error style messages enabled.
 %&-line parsing enabled.
**Documents/com~apple~CloudDocs/Konstanz/Studium/Verwaltung/LaTeX/Packages main
.tex

! Emergency stop.
<to be read again> 
                   \protect 
<*> Documents/com~
                  apple~CloudDocs/Konstanz/Studium/Verwaltung/LaTeX/Packages...
End of file on the terminal!

 
Here is how much of TeX's memory you used:
 5 strings out of 476025
 113 string characters out of 5790017
 1849388 words of memory out of 5000000
 20558 multiletter control sequences out of 15000+600000
 512287 words of font info for 32 fonts, out of 8000000 for 9000
 1141 hyphenation exceptions out of 8191
 3i,0n,0p,92b,6s stack positions out of 10000i,1000n,20000p,200000b,200000s
!  ==> Fatal error occurred, no output PDF file produced!
